2014-03-20 19:23:30 - INFO  --> registrar usuario de alumno 
2014-03-20 19:23:30 - INFO  --> registrarConRol--------> 
2014-03-20 19:23:30 - INFO  --> [UsuarioMoodleBo:19]v2.2 
2014-03-20 19:23:30 - INFO  --> [UserBov22:11:registrar]---------> 
2014-03-20 19:34:28 - INFO  --> registrar usuario de alumno 
2014-03-20 19:34:28 - INFO  --> registrarConRol--------> 
2014-03-20 19:34:28 - INFO  --> [UsuarioMoodleBo:19]v2.2 
2014-03-20 19:34:28 - INFO  --> [UserBov22:11:registrar]---------> 
2014-03-20 19:37:07 - INFO  --> registrar usuario de alumno 
2014-03-20 19:37:07 - INFO  --> registrarConRol--------> 
2014-03-20 19:37:07 - INFO  --> [UsuarioMoodleBo:19]v2.2 
2014-03-20 19:37:07 - INFO  --> [UserBov22:11:registrar]---------> 
2014-03-20 19:37:08 - INFO  --> [Username: rmedina@a.com, Password: vq@E&zoPAGo, Nombre: Raúl, Paterno: Medina, Materno: Campos, Correo: rmedina@a.com, Lugar_Residencia: , , , ID_Pais: 10]---------> 
2014-03-20 19:48:08 - INFO  --> registrar usuario de alumno 
2014-03-20 19:48:08 - INFO  --> registrarConRol--------> 
2014-03-20 19:48:08 - INFO  --> [UsuarioMoodleBo:19]v2.2 
2014-03-20 19:48:08 - INFO  --> [UserBov22:11:registrar]---------> 
2014-03-20 19:48:09 - INFO  --> [Username: rmedina@a.com, Password: mPYnDctWtNs, Nombre: Raúl, Paterno: Medina, Materno: Campos, Correo: rmedina@a.com, Lugar_Residencia: Metropolitana, UNAM, , ID_Pais: 8]---------> 
2014-03-20 19:49:45 - INFO  --> registrar usuario de alumno 
2014-03-20 19:49:45 - INFO  --> registrarConRol--------> 
2014-03-20 19:49:45 - INFO  --> [UsuarioMoodleBo:19]v2.2 
2014-03-20 19:49:45 - INFO  --> [UserBov22:11:registrar]---------> 
2014-03-20 19:49:46 - INFO  --> [Username: rmedina@a.com, Password: *3IyEOyNohb, Nombre: Raúl, Paterno: Medina, Materno: Campos, Correo: rmedina@a.com, Lugar_Residencia: Metropolitana, UNAM, ABC, ID_Pais: 3]---------> 
2014-03-20 20:00:40 - INFO  --> registrar usuario de alumno 
2014-03-20 20:00:40 - INFO  --> registrarConRol--------> 
2014-03-20 20:00:40 - INFO  --> [UsuarioMoodleBo:19]v2.2 
2014-03-20 20:00:40 - INFO  --> [UserBov22:11:registrar]---------> 
2014-03-20 20:00:45 - INFO  --> [ContextDaov22:64:find]---------> 
2014-03-20 20:00:45 - INFO  --> [ContextDaov22:133:find]id=25,contextlevel=30,instanceid=7 
2014-03-20 20:00:45 - INFO  --> [ContextDaov22:111:find]---------< 
2014-03-20 20:00:45 - INFO  --> [UserBov22:36:registrar]Creando rol 
2014-03-20 20:00:45 - INFO  --> Al alumno o maestro no se le debe asiganr el rol en contexto del sistema. 
2014-03-20 20:00:45 - INFO  --> [AlumnoDao:5:actualizarAlumnoId]---------> 
2014-03-20 20:00:45 - ERROR --> registrar-ROLLBACK 
2014-03-20 20:00:45 - ERROR --> Error 1146: Table 'capacitacion_registro.alumnos' doesn't exist. 
2014-03-20 20:00:45 - INFO  --> [UserBov22:79:registrar]---------< 
2014-03-20 20:00:45 - INFO  --> registrarConRol--------< 
2014-03-20 20:00:45 - INFO  --> Registro del usuario del alumno 
2014-03-20 20:51:35 - INFO  --> registrar usuario de alumno 
2014-03-20 20:51:35 - INFO  --> registrarConRol--------> 
2014-03-20 20:51:35 - INFO  --> [UsuarioMoodleBo:19]v2.2 
2014-03-20 20:51:35 - INFO  --> [UserBov22:11:registrar]---------> 
2014-03-20 20:53:45 - INFO  --> registrar usuario de alumno 
2014-03-20 20:53:45 - INFO  --> registrarConRol--------> 
2014-03-20 20:53:45 - INFO  --> [UsuarioMoodleBo:19]v2.2 
2014-03-20 20:53:45 - INFO  --> [UserBov22:11:registrar]---------> 
2014-03-20 20:53:49 - INFO  --> [ContextDaov22:64:find]---------> 
2014-03-20 20:53:49 - INFO  --> [ContextDaov22:133:find]id=26,contextlevel=30,instanceid=9 
2014-03-20 20:53:49 - INFO  --> [ContextDaov22:111:find]---------< 
2014-03-20 20:53:49 - INFO  --> [UserBov22:36:registrar]Creando rol 
2014-03-20 20:53:49 - INFO  --> Al alumno o maestro no se le debe asiganr el rol en contexto del sistema. 
2014-03-20 20:53:49 - INFO  --> [UserBov22:79:registrar]---------< 
2014-03-20 20:53:49 - INFO  --> registrarConRol--------< 
2014-03-20 20:53:49 - INFO  --> Registro del usuario del alumno 
2014-03-24 22:59:59 - INFO  --> registrar usuario de alumno 
2014-03-24 22:59:59 - INFO  --> registrarConRol--------> 
2014-03-24 22:59:59 - INFO  --> [UsuarioMoodleBo:19]v2.2 
2014-03-24 22:59:59 - INFO  --> [UserBov22:11:registrar]---------> 
2014-03-24 23:00:03 - INFO  --> [ContextDaov22:64:find]---------> 
2014-03-24 23:00:03 - INFO  --> [ContextDaov22:133:find]id=27,contextlevel=30,instanceid=10 
2014-03-24 23:00:03 - INFO  --> [ContextDaov22:111:find]---------< 
2014-03-24 23:00:03 - INFO  --> [UserBov22:36:registrar]Creando rol 
2014-03-24 23:00:03 - INFO  --> Al alumno o maestro no se le debe asiganr el rol en contexto del sistema. 
2014-03-24 23:00:03 - INFO  --> [UserBov22:79:registrar]---------< 
2014-03-24 23:00:03 - INFO  --> registrarConRol--------< 
2014-03-24 23:00:03 - INFO  --> Registro del usuario del alumno 
2014-03-24 23:05:10 - INFO  --> registrar usuario de alumno 
2014-03-24 23:05:10 - INFO  --> registrarConRol--------> 
2014-03-24 23:05:10 - INFO  --> [UsuarioMoodleBo:19]v2.2 
2014-03-24 23:05:10 - INFO  --> [UserBov22:11:registrar]---------> 
2014-03-24 23:05:15 - INFO  --> [ContextDaov22:64:find]---------> 
2014-03-24 23:05:15 - INFO  --> [ContextDaov22:133:find]id=28,contextlevel=30,instanceid=11 
2014-03-24 23:05:15 - INFO  --> [ContextDaov22:111:find]---------< 
2014-03-24 23:05:15 - INFO  --> [UserBov22:36:registrar]Creando rol 
2014-03-24 23:05:15 - INFO  --> Al alumno o maestro no se le debe asiganr el rol en contexto del sistema. 
2014-03-24 23:05:15 - INFO  --> [UserBov22:79:registrar]---------< 
2014-03-24 23:05:15 - INFO  --> registrarConRol--------< 
2014-03-24 23:05:15 - INFO  --> Registro del usuario del alumno 
2014-03-24 23:18:38 - INFO  --> registrar usuario de alumno 
2014-03-24 23:18:38 - INFO  --> registrarConRol--------> 
2014-03-24 23:18:38 - INFO  --> [UsuarioMoodleBo:19]v2.2 
2014-03-24 23:18:38 - INFO  --> [UserBov22:11:registrar]---------> 
2014-03-24 23:18:42 - INFO  --> [ContextDaov22:64:find]---------> 
2014-03-24 23:18:42 - INFO  --> [ContextDaov22:133:find]id=29,contextlevel=30,instanceid=12 
2014-03-24 23:18:42 - INFO  --> [ContextDaov22:111:find]---------< 
2014-03-24 23:18:42 - INFO  --> [UserBov22:36:registrar]Creando rol 
2014-03-24 23:18:42 - INFO  --> Al alumno o maestro no se le debe asiganr el rol en contexto del sistema. 
2014-03-24 23:18:42 - INFO  --> [UserBov22:79:registrar]---------< 
2014-03-24 23:18:42 - INFO  --> registrarConRol--------< 
2014-03-24 23:18:42 - INFO  --> Registro del usuario del alumno 
2014-03-24 23:23:29 - INFO  --> registrar usuario de alumno 
2014-03-24 23:23:29 - INFO  --> registrarConRol--------> 
2014-03-24 23:23:29 - INFO  --> [UsuarioMoodleBo:19]v2.2 
2014-03-24 23:23:29 - INFO  --> [UserBov22:11:registrar]---------> 
2014-03-24 23:23:33 - INFO  --> [ContextDaov22:64:find]---------> 
2014-03-24 23:23:33 - INFO  --> [ContextDaov22:133:find]id=30,contextlevel=30,instanceid=13 
2014-03-24 23:23:33 - INFO  --> [ContextDaov22:111:find]---------< 
2014-03-24 23:23:33 - INFO  --> [UserBov22:36:registrar]Creando rol 
2014-03-24 23:23:33 - INFO  --> Al alumno o maestro no se le debe asiganr el rol en contexto del sistema. 
2014-03-24 23:23:33 - INFO  --> [UserBov22:79:registrar]---------< 
2014-03-24 23:23:33 - INFO  --> registrarConRol--------< 
2014-03-24 23:23:33 - INFO  --> Registro del usuario del alumno 
2014-03-24 23:26:31 - INFO  --> registrar usuario de alumno 
2014-03-24 23:26:31 - INFO  --> registrarConRol--------> 
2014-03-24 23:26:31 - INFO  --> [UsuarioMoodleBo:19]v2.2 
2014-03-24 23:26:31 - INFO  --> [UserBov22:11:registrar]---------> 
2014-03-24 23:26:35 - INFO  --> [ContextDaov22:64:find]---------> 
2014-03-24 23:26:35 - INFO  --> [ContextDaov22:133:find]id=31,contextlevel=30,instanceid=14 
2014-03-24 23:26:35 - INFO  --> [ContextDaov22:111:find]---------< 
2014-03-24 23:26:35 - INFO  --> [UserBov22:36:registrar]Creando rol 
2014-03-24 23:26:35 - INFO  --> Al alumno o maestro no se le debe asiganr el rol en contexto del sistema. 
2014-03-24 23:26:35 - INFO  --> [UserBov22:79:registrar]---------< 
2014-03-24 23:26:35 - INFO  --> registrarConRol--------< 
2014-03-24 23:26:35 - INFO  --> Registro del usuario del alumno 
2014-03-24 23:28:36 - INFO  --> registrar usuario de alumno 
2014-03-24 23:28:36 - INFO  --> registrarConRol--------> 
2014-03-24 23:28:36 - INFO  --> [UsuarioMoodleBo:19]v2.2 
2014-03-24 23:28:36 - INFO  --> [UserBov22:11:registrar]---------> 
2014-03-24 23:28:40 - INFO  --> [ContextDaov22:64:find]---------> 
2014-03-24 23:28:40 - INFO  --> [ContextDaov22:133:find]id=32,contextlevel=30,instanceid=15 
2014-03-24 23:28:40 - INFO  --> [ContextDaov22:111:find]---------< 
2014-03-24 23:28:40 - INFO  --> [UserBov22:36:registrar]Creando rol 
2014-03-24 23:28:40 - INFO  --> Al alumno o maestro no se le debe asiganr el rol en contexto del sistema. 
2014-03-24 23:28:40 - INFO  --> [UserBov22:79:registrar]---------< 
2014-03-24 23:28:40 - INFO  --> registrarConRol--------< 
2014-03-24 23:28:40 - INFO  --> Registro del usuario del alumno 
2014-03-24 23:31:10 - INFO  --> registrar usuario de alumno 
2014-03-24 23:31:10 - INFO  --> registrarConRol--------> 
2014-03-24 23:31:10 - INFO  --> [UsuarioMoodleBo:19]v2.2 
2014-03-24 23:31:10 - INFO  --> [UserBov22:11:registrar]---------> 
2014-03-24 23:31:14 - INFO  --> [ContextDaov22:64:find]---------> 
2014-03-24 23:31:14 - INFO  --> [ContextDaov22:133:find]id=33,contextlevel=30,instanceid=16 
2014-03-24 23:31:14 - INFO  --> [ContextDaov22:111:find]---------< 
2014-03-24 23:31:14 - INFO  --> [UserBov22:36:registrar]Creando rol 
2014-03-24 23:31:14 - INFO  --> Al alumno o maestro no se le debe asiganr el rol en contexto del sistema. 
2014-03-24 23:31:14 - INFO  --> [UserBov22:79:registrar]---------< 
2014-03-24 23:31:14 - INFO  --> registrarConRol--------< 
2014-03-24 23:31:14 - INFO  --> Registro del usuario del alumno 
2014-03-24 23:36:29 - INFO  --> registrar usuario de alumno 
2014-03-24 23:36:29 - INFO  --> registrarConRol--------> 
2014-03-24 23:36:29 - INFO  --> [UsuarioMoodleBo:19]v2.2 
2014-03-24 23:36:29 - INFO  --> [UserBov22:11:registrar]---------> 
2014-03-24 23:36:33 - INFO  --> [ContextDaov22:64:find]---------> 
2014-03-24 23:36:33 - INFO  --> [ContextDaov22:133:find]id=34,contextlevel=30,instanceid=17 
2014-03-24 23:36:33 - INFO  --> [ContextDaov22:111:find]---------< 
2014-03-24 23:36:33 - INFO  --> [UserBov22:36:registrar]Creando rol 
2014-03-24 23:36:33 - INFO  --> Al alumno o maestro no se le debe asiganr el rol en contexto del sistema. 
2014-03-24 23:36:33 - INFO  --> [UserBov22:79:registrar]---------< 
2014-03-24 23:36:33 - INFO  --> registrarConRol--------< 
2014-03-24 23:36:33 - INFO  --> Registro del usuario del alumno 
2014-03-24 23:38:54 - INFO  --> registrar usuario de alumno 
2014-03-24 23:38:54 - INFO  --> registrarConRol--------> 
2014-03-24 23:38:54 - INFO  --> [UsuarioMoodleBo:19]v2.2 
2014-03-24 23:38:54 - INFO  --> [UserBov22:11:registrar]---------> 
2014-03-24 23:38:58 - INFO  --> [ContextDaov22:64:find]---------> 
2014-03-24 23:38:58 - INFO  --> [ContextDaov22:133:find]id=35,contextlevel=30,instanceid=18 
2014-03-24 23:38:58 - INFO  --> [ContextDaov22:111:find]---------< 
2014-03-24 23:38:58 - INFO  --> [UserBov22:36:registrar]Creando rol 
2014-03-24 23:38:58 - INFO  --> Al alumno o maestro no se le debe asiganr el rol en contexto del sistema. 
2014-03-24 23:38:58 - INFO  --> [UserBov22:79:registrar]---------< 
2014-03-24 23:38:58 - INFO  --> registrarConRol--------< 
2014-03-24 23:38:58 - INFO  --> Registro del usuario del alumno 
2014-04-03 1:35:06 - INFO  --> registrar usuario de alumno 
2014-04-03 1:35:06 - INFO  --> registrarConRol--------> 
2014-04-03 1:35:06 - INFO  --> [UsuarioMoodleBo:19]v2.2 
2014-04-03 1:35:06 - INFO  --> [UserBov22:11:registrar]---------> 
2014-04-03 1:35:10 - INFO  --> [ContextDaov22:64:find]---------> 
2014-04-03 1:35:10 - INFO  --> [ContextDaov22:133:find]id=79,contextlevel=30,instanceid=19 
2014-04-03 1:35:10 - INFO  --> [ContextDaov22:111:find]---------< 
2014-04-03 1:35:10 - INFO  --> [UserBov22:36:registrar]Creando rol 
2014-04-03 1:35:10 - INFO  --> Al alumno o maestro no se le debe asiganr el rol en contexto del sistema. 
2014-04-03 1:35:10 - INFO  --> [UserBov22:79:registrar]---------< 
2014-04-03 1:35:10 - INFO  --> registrarConRol--------< 
2014-04-03 1:35:10 - INFO  --> Registro del usuario del alumno 
2014-04-03 1:42:33 - INFO  --> registrar usuario de alumno 
2014-04-03 1:42:33 - INFO  --> registrarConRol--------> 
2014-04-03 1:42:33 - INFO  --> [UsuarioMoodleBo:19]v2.2 
2014-04-03 1:42:33 - INFO  --> [UserBov22:11:registrar]---------> 
2014-04-03 1:42:38 - INFO  --> [ContextDaov22:64:find]---------> 
2014-04-03 1:42:38 - INFO  --> [ContextDaov22:133:find]id=80,contextlevel=30,instanceid=20 
2014-04-03 1:42:38 - INFO  --> [ContextDaov22:111:find]---------< 
2014-04-03 1:42:38 - INFO  --> [UserBov22:36:registrar]Creando rol 
2014-04-03 1:42:38 - INFO  --> Al alumno o maestro no se le debe asiganr el rol en contexto del sistema. 
2014-04-03 1:42:38 - INFO  --> [UserBov22:79:registrar]---------< 
2014-04-03 1:42:38 - INFO  --> registrarConRol--------< 
2014-04-03 1:42:38 - INFO  --> Registro del usuario del alumno 
2014-04-03 1:45:38 - INFO  --> registrar usuario de alumno 
2014-04-03 1:45:38 - INFO  --> registrarConRol--------> 
2014-04-03 1:45:38 - INFO  --> [UsuarioMoodleBo:19]v2.2 
2014-04-03 1:45:38 - INFO  --> [UserBov22:11:registrar]---------> 
2014-04-03 1:45:42 - INFO  --> [ContextDaov22:64:find]---------> 
2014-04-03 1:45:42 - INFO  --> [ContextDaov22:133:find]id=81,contextlevel=30,instanceid=21 
2014-04-03 1:45:42 - INFO  --> [ContextDaov22:111:find]---------< 
2014-04-03 1:45:42 - INFO  --> [UserBov22:36:registrar]Creando rol 
2014-04-03 1:45:42 - INFO  --> Al alumno o maestro no se le debe asiganr el rol en contexto del sistema. 
2014-04-03 1:45:42 - INFO  --> [UserBov22:79:registrar]---------< 
2014-04-03 1:45:42 - INFO  --> registrarConRol--------< 
2014-04-03 1:45:42 - INFO  --> Registro del usuario del alumno 
2014-04-03 2:17:04 - INFO  --> registrar usuario de alumno 
2014-04-03 2:17:04 - INFO  --> registrarConRol--------> 
2014-04-03 2:17:04 - INFO  --> [UsuarioMoodleBo:19]v2.2 
2014-04-03 2:17:04 - INFO  --> [UserBov22:11:registrar]---------> 
2014-04-03 2:17:08 - INFO  --> [ContextDaov22:64:find]---------> 
2014-04-03 2:17:08 - INFO  --> [ContextDaov22:133:find]id=82,contextlevel=30,instanceid=22 
2014-04-03 2:17:08 - INFO  --> [ContextDaov22:111:find]---------< 
2014-04-03 2:17:08 - INFO  --> [UserBov22:36:registrar]Creando rol 
2014-04-03 2:17:08 - INFO  --> Al alumno o maestro no se le debe asiganr el rol en contexto del sistema. 
2014-04-03 2:17:08 - INFO  --> [UserBov22:79:registrar]---------< 
2014-04-03 2:17:08 - INFO  --> registrarConRol--------< 
2014-04-03 2:17:08 - INFO  --> Registro del usuario del alumno 
2014-04-03 2:38:57 - INFO  --> registrar usuario de alumno 
2014-04-03 2:38:57 - INFO  --> registrarConRol--------> 
2014-04-03 2:38:57 - INFO  --> [UsuarioMoodleBo:19]v2.2 
2014-04-03 2:38:57 - INFO  --> [UserBov22:11:registrar]---------> 
2014-04-03 2:39:01 - INFO  --> [ContextDaov22:64:find]---------> 
2014-04-03 2:39:01 - INFO  --> [ContextDaov22:133:find]id=83,contextlevel=30,instanceid=23 
2014-04-03 2:39:01 - INFO  --> [ContextDaov22:111:find]---------< 
2014-04-03 2:39:01 - INFO  --> [UserBov22:36:registrar]Creando rol 
2014-04-03 2:39:01 - INFO  --> Al alumno o maestro no se le debe asiganr el rol en contexto del sistema. 
2014-04-03 2:39:01 - INFO  --> [UserBov22:79:registrar]---------< 
2014-04-03 2:39:01 - INFO  --> registrarConRol--------< 
2014-04-03 2:39:01 - INFO  --> Registro del usuario del alumno 
2014-04-03 2:47:56 - INFO  --> registrar usuario de alumno 
2014-04-03 2:47:56 - INFO  --> registrarConRol--------> 
2014-04-03 2:47:56 - INFO  --> [UsuarioMoodleBo:19]v2.2 
2014-04-03 2:47:56 - INFO  --> [UserBov22:11:registrar]---------> 
2014-04-03 2:48:00 - INFO  --> [ContextDaov22:64:find]---------> 
2014-04-03 2:48:00 - INFO  --> [ContextDaov22:133:find]id=84,contextlevel=30,instanceid=24 
2014-04-03 2:48:00 - INFO  --> [ContextDaov22:111:find]---------< 
2014-04-03 2:48:00 - INFO  --> [UserBov22:36:registrar]Creando rol 
2014-04-03 2:48:00 - INFO  --> Al alumno o maestro no se le debe asiganr el rol en contexto del sistema. 
2014-04-03 2:48:00 - INFO  --> [UserBov22:79:registrar]---------< 
2014-04-03 2:48:00 - INFO  --> registrarConRol--------< 
2014-04-03 2:48:00 - INFO  --> Registro del usuario del alumno 
2014-04-03 2:51:19 - INFO  --> registrar usuario de alumno 
2014-04-03 2:51:19 - INFO  --> registrarConRol--------> 
2014-04-03 2:51:19 - INFO  --> [UsuarioMoodleBo:19]v2.2 
2014-04-03 2:51:19 - INFO  --> [UserBov22:11:registrar]---------> 
2014-04-03 2:51:23 - INFO  --> [ContextDaov22:64:find]---------> 
2014-04-03 2:51:23 - INFO  --> [ContextDaov22:133:find]id=85,contextlevel=30,instanceid=25 
2014-04-03 2:51:23 - INFO  --> [ContextDaov22:111:find]---------< 
2014-04-03 2:51:24 - INFO  --> [UserBov22:36:registrar]Creando rol 
2014-04-03 2:51:24 - INFO  --> Al alumno o maestro no se le debe asiganr el rol en contexto del sistema. 
2014-04-03 2:51:24 - INFO  --> [UserBov22:79:registrar]---------< 
2014-04-03 2:51:24 - INFO  --> registrarConRol--------< 
2014-04-03 2:51:24 - INFO  --> Registro del usuario del alumno 
2014-04-03 2:53:32 - INFO  --> registrar usuario de alumno 
2014-04-03 2:53:32 - INFO  --> registrarConRol--------> 
2014-04-03 2:53:32 - INFO  --> [UsuarioMoodleBo:19]v2.2 
2014-04-03 2:53:32 - INFO  --> [UserBov22:11:registrar]---------> 
2014-04-03 2:53:36 - INFO  --> [ContextDaov22:64:find]---------> 
2014-04-03 2:53:36 - INFO  --> [ContextDaov22:133:find]id=86,contextlevel=30,instanceid=26 
2014-04-03 2:53:36 - INFO  --> [ContextDaov22:111:find]---------< 
2014-04-03 2:53:36 - INFO  --> [UserBov22:36:registrar]Creando rol 
2014-04-03 2:53:36 - INFO  --> Al alumno o maestro no se le debe asiganr el rol en contexto del sistema. 
2014-04-03 2:53:36 - INFO  --> [UserBov22:79:registrar]---------< 
2014-04-03 2:53:36 - INFO  --> registrarConRol--------< 
2014-04-03 2:53:36 - INFO  --> Registro del usuario del alumno 
2014-04-04 0:31:46 - INFO  --> registrar usuario de alumno 
2014-04-04 0:31:46 - INFO  --> registrarConRol--------> 
2014-04-04 0:31:46 - INFO  --> [UsuarioMoodleBo:19]v2.2 
2014-04-04 0:31:46 - INFO  --> [UserBov22:11:registrar]---------> 
2014-04-04 0:31:51 - INFO  --> [ContextDaov22:64:find]---------> 
2014-04-04 0:31:51 - INFO  --> [ContextDaov22:133:find]id=87,contextlevel=30,instanceid=27 
2014-04-04 0:31:51 - INFO  --> [ContextDaov22:111:find]---------< 
2014-04-04 0:31:51 - INFO  --> [UserBov22:36:registrar]Creando rol 
2014-04-04 0:31:51 - INFO  --> Al alumno o maestro no se le debe asiganr el rol en contexto del sistema. 
2014-04-04 0:31:52 - INFO  --> [UserBov22:79:registrar]---------< 
2014-04-04 0:31:52 - INFO  --> registrarConRol--------< 
2014-04-04 0:31:52 - INFO  --> Registro del usuario del alumno 
2014-04-04 3:49:04 - INFO  --> registrar usuario de alumno 
2014-04-04 3:49:04 - INFO  --> registrarConRol--------> 
2014-04-04 3:49:04 - INFO  --> [UsuarioMoodleBo:19]v2.2 
2014-04-04 3:49:04 - INFO  --> [UserBov22:11:registrar]---------> 
2014-04-04 3:49:08 - INFO  --> [ContextDaov22:64:find]---------> 
2014-04-04 3:49:08 - INFO  --> [ContextDaov22:133:find]id=88,contextlevel=30,instanceid=28 
2014-04-04 3:49:08 - INFO  --> [ContextDaov22:111:find]---------< 
2014-04-04 3:49:08 - INFO  --> [UserBov22:36:registrar]Creando rol 
2014-04-04 3:49:08 - INFO  --> Al alumno o maestro no se le debe asiganr el rol en contexto del sistema. 
2014-04-04 3:49:08 - INFO  --> [UserBov22:79:registrar]---------< 
2014-04-04 3:49:08 - INFO  --> registrarConRol--------< 
2014-04-04 3:49:08 - INFO  --> Registro del usuario del alumno 
2014-04-04 4:02:07 - INFO  --> registrar usuario de alumno 
2014-04-04 4:02:07 - INFO  --> registrarConRol--------> 
2014-04-04 4:02:07 - INFO  --> [UsuarioMoodleBo:19]v2.2 
2014-04-04 4:02:07 - INFO  --> [UserBov22:11:registrar]---------> 
2014-04-04 4:02:11 - INFO  --> [ContextDaov22:64:find]---------> 
2014-04-04 4:02:11 - INFO  --> [ContextDaov22:133:find]id=89,contextlevel=30,instanceid=29 
2014-04-04 4:02:11 - INFO  --> [ContextDaov22:111:find]---------< 
2014-04-04 4:02:11 - INFO  --> [UserBov22:36:registrar]Creando rol 
2014-04-04 4:02:11 - INFO  --> Al alumno o maestro no se le debe asiganr el rol en contexto del sistema. 
2014-04-04 4:02:11 - INFO  --> [UserBov22:79:registrar]---------< 
2014-04-04 4:02:11 - INFO  --> registrarConRol--------< 
2014-04-04 4:02:11 - INFO  --> Registro del usuario del alumno 
2014-04-04 20:44:45 - INFO  --> registrar usuario de alumno 
2014-04-04 20:44:45 - INFO  --> registrarConRol--------> 
2014-04-04 20:44:45 - INFO  --> [UsuarioMoodleBo:19]v2.2 
2014-04-04 20:44:45 - INFO  --> [UserBov22:11:registrar]---------> 
2014-04-04 20:44:49 - INFO  --> [ContextDaov22:64:find]---------> 
2014-04-04 20:44:49 - INFO  --> [ContextDaov22:133:find]id=90,contextlevel=30,instanceid=30 
2014-04-04 20:44:49 - INFO  --> [ContextDaov22:111:find]---------< 
2014-04-04 20:44:49 - INFO  --> [UserBov22:36:registrar]Creando rol 
2014-04-04 20:44:49 - INFO  --> Al alumno o maestro no se le debe asiganr el rol en contexto del sistema. 
2014-04-04 20:44:49 - INFO  --> [UserBov22:79:registrar]---------< 
2014-04-04 20:44:49 - INFO  --> registrarConRol--------< 
2014-04-04 20:44:49 - INFO  --> Registro del usuario del alumno 
2014-04-04 20:51:55 - INFO  --> registrar usuario de alumno 
2014-04-04 20:51:55 - INFO  --> registrarConRol--------> 
2014-04-04 20:51:55 - INFO  --> [UsuarioMoodleBo:19]v2.2 
2014-04-04 20:51:55 - INFO  --> [UserBov22:11:registrar]---------> 
2014-04-04 20:51:59 - INFO  --> [ContextDaov22:64:find]---------> 
2014-04-04 20:51:59 - INFO  --> [ContextDaov22:133:find]id=91,contextlevel=30,instanceid=31 
2014-04-04 20:51:59 - INFO  --> [ContextDaov22:111:find]---------< 
2014-04-04 20:51:59 - INFO  --> [UserBov22:36:registrar]Creando rol 
2014-04-04 20:51:59 - INFO  --> Al alumno o maestro no se le debe asiganr el rol en contexto del sistema. 
2014-04-04 20:51:59 - INFO  --> [UserBov22:79:registrar]---------< 
2014-04-04 20:51:59 - INFO  --> registrarConRol--------< 
2014-04-04 20:51:59 - INFO  --> Registro del usuario del alumno 
2014-04-04 20:55:34 - INFO  --> registrar usuario de alumno 
2014-04-04 20:55:34 - INFO  --> registrarConRol--------> 
2014-04-04 20:55:34 - INFO  --> [UsuarioMoodleBo:19]v2.2 
2014-04-04 20:55:34 - INFO  --> [UserBov22:11:registrar]---------> 
2014-04-04 20:55:38 - INFO  --> [ContextDaov22:64:find]---------> 
2014-04-04 20:55:38 - INFO  --> [ContextDaov22:133:find]id=92,contextlevel=30,instanceid=32 
2014-04-04 20:55:38 - INFO  --> [ContextDaov22:111:find]---------< 
2014-04-04 20:55:38 - INFO  --> [UserBov22:36:registrar]Creando rol 
2014-04-04 20:55:38 - INFO  --> Al alumno o maestro no se le debe asiganr el rol en contexto del sistema. 
2014-04-04 20:55:38 - INFO  --> [UserBov22:79:registrar]---------< 
2014-04-04 20:55:38 - INFO  --> registrarConRol--------< 
2014-04-04 20:55:38 - INFO  --> Registro del usuario del alumno 
2014-04-04 21:02:19 - INFO  --> registrar usuario de alumno 
2014-04-04 21:02:19 - INFO  --> registrarConRol--------> 
2014-04-04 21:02:19 - INFO  --> [UsuarioMoodleBo:19]v2.2 
2014-04-04 21:02:19 - INFO  --> [UserBov22:11:registrar]---------> 
2014-04-04 21:02:23 - INFO  --> [ContextDaov22:64:find]---------> 
2014-04-04 21:02:23 - INFO  --> [ContextDaov22:133:find]id=93,contextlevel=30,instanceid=33 
2014-04-04 21:02:23 - INFO  --> [ContextDaov22:111:find]---------< 
2014-04-04 21:02:23 - INFO  --> [UserBov22:36:registrar]Creando rol 
2014-04-04 21:02:23 - INFO  --> Al alumno o maestro no se le debe asiganr el rol en contexto del sistema. 
2014-04-04 21:02:23 - INFO  --> [UserBov22:79:registrar]---------< 
2014-04-04 21:02:23 - INFO  --> registrarConRol--------< 
2014-04-04 21:02:23 - INFO  --> Registro del usuario del alumno 
2014-04-22 0:00:58 - INFO  --> registrar usuario de alumno 
2014-04-22 0:00:58 - INFO  --> registrarConRol--------> 
2014-04-22 0:00:58 - INFO  --> [UsuarioMoodleBo:19]v2.2 
2014-04-22 0:00:58 - INFO  --> [UserBov22:11:registrar]---------> 
2014-04-22 1:28:05 - INFO  --> registrar usuario de alumno 
2014-04-22 1:28:05 - INFO  --> registrarConRol--------> 
2014-04-22 1:28:05 - INFO  --> [UsuarioMoodleBo:19]v2.2 
2014-04-22 1:28:05 - INFO  --> [UserBov22:11:registrar]---------> 
2014-04-22 1:28:09 - INFO  --> Error 1062: Duplicate entry '30-32' for key 'mdl_cont_conins_uix'. 
2014-04-22 20:05:43 - INFO  --> registrar usuario de alumno 
2014-04-22 20:05:43 - INFO  --> registrarConRol--------> 
2014-04-22 20:05:43 - INFO  --> [UsuarioMoodleBo:19]v2.2 
2014-04-22 20:05:43 - INFO  --> [UserBov22:11:registrar]---------> 
2014-04-22 20:05:48 - INFO  --> Error 1062: Duplicate entry '30-31' for key 'mdl_cont_conins_uix'. 
2014-04-22 20:16:39 - INFO  --> registrar usuario de alumno 
2014-04-22 20:16:39 - INFO  --> registrarConRol--------> 
2014-04-22 20:16:39 - INFO  --> [UsuarioMoodleBo:19]v2.2 
2014-04-22 20:16:39 - INFO  --> [UserBov22:11:registrar]---------> 
2014-04-22 20:16:44 - INFO  --> Error 1062: Duplicate entry '30-32' for key 'mdl_cont_conins_uix'. 
2014-04-22 20:37:06 - INFO  --> registrar usuario de alumno 
2014-04-22 20:37:06 - INFO  --> registrarConRol--------> 
2014-04-22 20:37:06 - INFO  --> [UsuarioMoodleBo:19]v2.2 
2014-04-22 20:37:06 - INFO  --> [UserBov22:11:registrar]---------> 
2014-04-22 20:37:10 - INFO  --> Valores a insertar: 30 33 2 
2014-04-22 20:37:10 - INFO  --> Error 1062: Duplicate entry '30-33' for key 'mdl_cont_conins_uix'. 
2014-04-22 20:42:48 - INFO  --> registrar usuario de alumno 
2014-04-22 20:42:48 - INFO  --> registrarConRol--------> 
2014-04-22 20:42:48 - INFO  --> [UsuarioMoodleBo:19]v2.2 
2014-04-22 20:42:48 - INFO  --> [UserBov22:11:registrar]---------> 
2014-04-22 20:42:52 - INFO  --> [UserBov22:36:registrar]Creando contexto 
2014-04-22 20:42:52 - INFO  --> [ContextDaov22:64:find]---------> 
2014-04-22 20:42:52 - INFO  --> [ContextDaov22:133:find]id=271,contextlevel=30,instanceid=34 
2014-04-22 20:42:52 - INFO  --> [ContextDaov22:111:find]---------< 
2014-04-22 20:42:52 - INFO  --> [UserBov22:36:registrar]Creando rol 
2014-04-22 20:42:52 - INFO  --> Al alumno o maestro no se le debe asiganr el rol en contexto del sistema. 
2014-04-22 20:42:52 - INFO  --> [UserBov22:79:registrar]---------< 
2014-04-22 20:42:52 - INFO  --> registrarConRol--------< 
2014-04-22 20:56:52 - INFO  --> registrar usuario de alumno 
2014-04-22 20:56:52 - INFO  --> registrarConRol--------> 
2014-04-22 20:56:52 - INFO  --> [UsuarioMoodleBo:19]v2.2 
2014-04-22 20:56:52 - INFO  --> [UserBov22:11:registrar]---------> 
2014-04-22 20:56:56 - INFO  --> [UserBov22:36:registrar]Creando contexto 
2014-04-22 20:56:56 - INFO  --> [ContextDaov22:64:find]---------> 
2014-04-22 20:56:56 - INFO  --> [ContextDaov22:133:find]id=272,contextlevel=30,instanceid=35 
2014-04-22 20:56:56 - INFO  --> [ContextDaov22:111:find]---------< 
2014-04-22 20:56:56 - INFO  --> [UserBov22:36:registrar]Creando rol 
2014-04-22 20:56:56 - INFO  --> Al alumno o maestro no se le debe asiganr el rol en contexto del sistema. 
2014-04-22 20:56:56 - INFO  --> [UserBov22:79:registrar]---------< 
2014-04-22 20:56:56 - INFO  --> registrarConRol--------< 
2014-04-23 0:31:45 - INFO  --> registrar usuario de alumno 
2014-04-23 0:31:45 - INFO  --> registrarConRol--------> 
2014-04-23 0:31:45 - INFO  --> [UsuarioMoodleBo:19]v2.2 
2014-04-23 0:31:45 - INFO  --> [UserBov22:11:registrar]---------> 
2014-04-23 0:31:50 - INFO  --> [UserBov22:36:registrar]Creando contexto 
2014-04-23 0:31:50 - INFO  --> [ContextDaov22:64:find]---------> 
2014-04-23 0:31:50 - INFO  --> [ContextDaov22:133:find]id=273,contextlevel=30,instanceid=36 
2014-04-23 0:31:50 - INFO  --> [ContextDaov22:111:find]---------< 
2014-04-23 0:31:50 - INFO  --> [UserBov22:36:registrar]Creando rol 
2014-04-23 0:31:50 - INFO  --> Al alumno o maestro no se le debe asiganr el rol en contexto del sistema. 
2014-04-23 0:31:50 - INFO  --> [UserBov22:79:registrar]---------< 
2014-04-23 0:31:50 - INFO  --> registrarConRol--------< 
2014-04-23 0:31:50 - INFO  --> Registro del usuario del alumno 
2014-04-23 0:40:38 - INFO  --> registrar usuario de alumno 
2014-04-23 0:40:38 - INFO  --> registrarConRol--------> 
2014-04-23 0:40:38 - INFO  --> [UsuarioMoodleBo:19]v2.2 
2014-04-23 0:40:38 - INFO  --> [UserBov22:11:registrar]---------> 
2014-04-23 0:40:43 - INFO  --> [UserBov22:36:registrar]Creando contexto 
2014-04-23 0:40:43 - INFO  --> [ContextDaov22:64:find]---------> 
2014-04-23 0:40:43 - INFO  --> [ContextDaov22:133:find]id=274,contextlevel=30,instanceid=37 
2014-04-23 0:40:43 - INFO  --> [ContextDaov22:111:find]---------< 
2014-04-23 0:40:43 - INFO  --> [UserBov22:36:registrar]Creando rol 
2014-04-23 0:40:43 - INFO  --> Al alumno o maestro no se le debe asiganr el rol en contexto del sistema. 
2014-04-23 0:40:43 - INFO  --> [UserBov22:79:registrar]---------< 
2014-04-23 0:40:43 - INFO  --> registrarConRol--------< 
2014-04-23 0:40:43 - INFO  --> Registro del usuario del alumno 
2014-04-23 0:47:17 - INFO  --> registrar usuario de alumno 
2014-04-23 0:47:17 - INFO  --> registrarConRol--------> 
2014-04-23 0:47:17 - INFO  --> [UsuarioMoodleBo:19]v2.2 
2014-04-23 0:47:17 - INFO  --> [UserBov22:11:registrar]--------->0 
2014-04-23 0:47:21 - INFO  --> [UserBov22:33:registrar]Creando contexto 
2014-04-23 0:47:21 - INFO  --> [ContextDaov22:64:find]---------> 
2014-04-23 0:47:21 - INFO  --> [ContextDaov22:133:find]id=275,contextlevel=30,instanceid=38 
2014-04-23 0:47:21 - INFO  --> [ContextDaov22:111:find]---------< 
2014-04-23 0:47:21 - INFO  --> [UserBov22:36:registrar]Creando rol 
2014-04-23 0:47:21 - INFO  --> Al alumno o maestro no se le debe asiganr el rol en contexto del sistema. 
2014-04-23 0:47:21 - INFO  --> [UserBov22:79:registrar]---------< 
2014-04-23 0:47:21 - INFO  --> registrarConRol--------< 
2014-04-23 0:47:21 - INFO  --> Registro del usuario del alumno 
2014-04-23 0:51:29 - INFO  --> registrar usuario de alumno 
2014-04-23 0:51:29 - INFO  --> rpcRegistra 3 
2014-04-23 0:51:29 - INFO  --> registrarConRol-------->3 
2014-04-23 0:51:29 - INFO  --> [UsuarioMoodleBo:19]v2.2 
2014-04-23 0:51:29 - INFO  --> [UserBov22:11:registrar]--------->0 
2014-04-23 0:51:33 - INFO  --> [UserBov22:33:registrar]Creando contexto 
2014-04-23 0:51:33 - INFO  --> [ContextDaov22:64:find]---------> 
2014-04-23 0:51:33 - INFO  --> [ContextDaov22:133:find]id=276,contextlevel=30,instanceid=39 
2014-04-23 0:51:33 - INFO  --> [ContextDaov22:111:find]---------< 
2014-04-23 0:51:33 - INFO  --> [UserBov22:36:registrar]Creando rol 
2014-04-23 0:51:33 - INFO  --> Al alumno o maestro no se le debe asiganr el rol en contexto del sistema. 
2014-04-23 0:51:33 - INFO  --> [UserBov22:79:registrar]---------< 
2014-04-23 0:51:33 - INFO  --> registrarConRol--------< 
2014-04-23 0:51:33 - INFO  --> Registro del usuario del alumno 
2014-04-23 0:55:47 - INFO  --> registrar usuario de alumno 
2014-04-23 0:55:47 - INFO  --> registrarConRol--------> 
2014-04-23 0:55:47 - INFO  --> [UsuarioMoodleBo:19]v2.2 
2014-04-23 0:55:47 - INFO  --> [UserBov22:11:registrar]--------->3 
2014-04-23 0:55:51 - INFO  --> [UserBov22:33:registrar]Creando contexto 
2014-04-23 0:55:51 - INFO  --> [ContextDaov22:64:find]---------> 
2014-04-23 0:55:51 - INFO  --> [ContextDaov22:133:find]id=277,contextlevel=30,instanceid=40 
2014-04-23 0:55:51 - INFO  --> [ContextDaov22:111:find]---------< 
2014-04-23 0:55:51 - INFO  --> [UserBov22:36:registrar]Creando rol 
2014-04-23 0:55:51 - INFO  --> Al alumno o maestro no se le debe asiganr el rol en contexto del sistema. 
2014-04-23 0:55:51 - INFO  --> [UserBov22:83:registrar]buscando id del curso 
2014-04-23 0:55:51 - INFO  --> [CourseSectionDaov22:124:getByShortname]---------> 
2014-04-23 0:55:51 - INFO  --> [UserBov22:88:registrar]buscando el context del curso 
2014-04-23 0:55:51 - INFO  --> [ContextDaov22:64:find]---------> 
2014-04-23 0:55:51 - INFO  --> [ContextDaov22:133:find]id=0,contextlevel=,instanceid= 
2014-04-23 0:55:51 - INFO  --> [ContextDaov22:111:find]---------< 
2014-04-23 1:19:15 - INFO  --> registrar usuario de alumno 
2014-04-23 1:19:15 - INFO  --> registrarConRol--------> 
2014-04-23 1:19:15 - INFO  --> [UsuarioMoodleBo:19]v2.2 
2014-04-23 1:19:15 - INFO  --> [UserBov22:11:registrar]---------> 
2014-04-23 1:19:19 - INFO  --> [UserBov22:33:registrar]Creando contexto 
2014-04-23 1:19:19 - INFO  --> [ContextDaov22:64:find]---------> 
2014-04-23 1:19:19 - INFO  --> [ContextDaov22:133:find]id=278,contextlevel=30,instanceid=41 
2014-04-23 1:19:19 - INFO  --> [ContextDaov22:111:find]---------< 
2014-04-23 1:19:19 - INFO  --> [UserBov22:36:registrar]Creando rol 
2014-04-23 1:19:19 - INFO  --> Al alumno o maestro no se le debe asiganr el rol en contexto del sistema. 
2014-04-23 1:19:19 - INFO  --> [UserBov22:83:registrar]buscando id del curso 
2014-04-23 1:19:19 - INFO  --> [CourseDaov22:124:getByShortname]---------> 
2014-04-23 1:19:19 - INFO  --> [UserBov22:83:registrar]id del curso:  
2014-04-23 1:19:19 - INFO  --> [UserBov22:88:registrar]buscando el context del curso 
2014-04-23 1:19:19 - INFO  --> [ContextDaov22:64:find]---------> 
2014-04-23 1:19:19 - INFO  --> [ContextDaov22:133:find]id=0,contextlevel=,instanceid= 
2014-04-23 1:19:19 - INFO  --> [ContextDaov22:111:find]---------< 
2014-04-23 1:30:22 - INFO  --> registrar usuario de alumno 
2014-04-23 1:30:22 - INFO  --> registrarConRol--------> 
2014-04-23 1:30:22 - INFO  --> [UsuarioMoodleBo:19]v2.2 
2014-04-23 1:30:22 - INFO  --> [UserBov22:11:registrar]---------> 
2014-04-23 1:30:27 - INFO  --> [UserBov22:33:registrar]Creando contexto 
2014-04-23 1:30:27 - INFO  --> [ContextDaov22:64:find]---------> 
2014-04-23 1:30:27 - INFO  --> [ContextDaov22:133:find]id=279,contextlevel=30,instanceid=42 
2014-04-23 1:30:27 - INFO  --> [ContextDaov22:111:find]---------< 
2014-04-23 1:30:27 - INFO  --> [UserBov22:36:registrar]Creando rol 
2014-04-23 1:30:27 - INFO  --> Al alumno o maestro no se le debe asiganr el rol en contexto del sistema. 
2014-04-23 1:30:27 - INFO  --> [UserBov22:83:registrar]buscando id del curso 
2014-04-23 1:30:27 - INFO  --> [CourseDaov22:124:getByShortname]---------> 
2014-04-23 1:30:27 - INFO  --> [CourseDaov22:124:getByShortname]---------> SELECT id FROM mdl_course WHERE shortname = ? 
2014-04-23 1:30:27 - INFO  --> [UserBov22:83:registrar]id del curso:  
2014-04-23 1:30:27 - INFO  --> [UserBov22:88:registrar]buscando el context del curso 
2014-04-23 1:30:27 - INFO  --> [ContextDaov22:64:find]---------> 
2014-04-23 1:30:27 - INFO  --> [ContextDaov22:133:find]id=0,contextlevel=,instanceid= 
2014-04-23 1:30:27 - INFO  --> [ContextDaov22:111:find]---------< 
2014-04-23 1:34:46 - INFO  --> registrar usuario de alumno 
2014-04-23 1:34:46 - INFO  --> registrarConRol--------> 
2014-04-23 1:34:46 - INFO  --> [UsuarioMoodleBo:19]v2.2 
2014-04-23 1:34:46 - INFO  --> [UserBov22:11:registrar]---------> 
2014-04-23 1:34:50 - INFO  --> [UserBov22:33:registrar]Creando contexto 
2014-04-23 1:34:50 - INFO  --> [ContextDaov22:64:find]---------> 
2014-04-23 1:34:50 - INFO  --> [ContextDaov22:133:find]id=280,contextlevel=30,instanceid=43 
2014-04-23 1:34:50 - INFO  --> [ContextDaov22:111:find]---------< 
2014-04-23 1:34:51 - INFO  --> [UserBov22:36:registrar]Creando rol 
2014-04-23 1:34:51 - INFO  --> Al alumno o maestro no se le debe asiganr el rol en contexto del sistema. 
2014-04-23 1:34:51 - INFO  --> [UserBov22:83:registrar]buscando id del curso 
2014-04-23 1:34:51 - INFO  --> [CourseDaov22:124:getByShortname]---------> 
2014-04-23 1:37:22 - INFO  --> registrar usuario de alumno 
2014-04-23 1:37:22 - INFO  --> registrarConRol--------> 
2014-04-23 1:37:22 - INFO  --> [UsuarioMoodleBo:19]v2.2 
2014-04-23 1:37:22 - INFO  --> [UserBov22:11:registrar]---------> 
2014-04-23 1:37:26 - INFO  --> [UserBov22:33:registrar]Creando contexto 
2014-04-23 1:37:27 - INFO  --> [ContextDaov22:64:find]---------> 
2014-04-23 1:37:27 - INFO  --> [ContextDaov22:133:find]id=281,contextlevel=30,instanceid=44 
2014-04-23 1:37:27 - INFO  --> [ContextDaov22:111:find]---------< 
2014-04-23 1:37:27 - INFO  --> [UserBov22:36:registrar]Creando rol 
2014-04-23 1:37:27 - INFO  --> Al alumno o maestro no se le debe asiganr el rol en contexto del sistema. 
2014-04-23 1:37:27 - INFO  --> [UserBov22:83:registrar]buscando id del curso 
2014-04-23 1:37:27 - INFO  --> [CourseDaov22:124:getByShortname]---------> 
2014-04-23 1:37:27 - INFO  --> [CourseDaov22:124:getByShortname]--------->  
2014-04-23 1:37:27 - INFO  --> [UserBov22:83:registrar]id del curso:  
2014-04-23 1:37:27 - INFO  --> [UserBov22:88:registrar]buscando el context del curso 
2014-04-23 1:37:27 - INFO  --> [ContextDaov22:64:find]---------> 
2014-04-23 1:37:27 - INFO  --> [ContextDaov22:133:find]id=0,contextlevel=,instanceid= 
2014-04-23 1:37:27 - INFO  --> [ContextDaov22:111:find]---------< 
2014-04-23 1:54:31 - INFO  --> registrar usuario de alumno 
2014-04-23 1:54:31 - INFO  --> registrarConRol--------> 
2014-04-23 1:54:31 - INFO  --> [UsuarioMoodleBo:19]v2.2 
2014-04-23 1:54:31 - INFO  --> [UserBov22:11:registrar]---------> 
2014-04-23 1:54:36 - INFO  --> [UserBov22:33:registrar]Creando contexto 
2014-04-23 1:54:36 - INFO  --> [ContextDaov22:64:find]---------> 
2014-04-23 1:54:36 - INFO  --> [ContextDaov22:133:find]id=282,contextlevel=30,instanceid=45 
2014-04-23 1:54:36 - INFO  --> [ContextDaov22:111:find]---------< 
2014-04-23 1:54:36 - INFO  --> [UserBov22:36:registrar]Creando rol 
2014-04-23 1:54:36 - INFO  --> Al alumno o maestro no se le debe asiganr el rol en contexto del sistema. 
2014-04-23 1:54:36 - INFO  --> [UserBov22:83:registrar]buscando id del curso 
2014-04-23 1:54:36 - INFO  --> [CourseDaov22:278:getByShortname]---------> 
2014-04-23 1:54:36 - INFO  --> [CourseDaov22:124:getByShortname]---------> 1 
2014-04-23 1:54:36 - INFO  --> [UserBov22:88:registrar]buscando el context del curso 
2014-04-23 1:54:36 - INFO  --> [ContextDaov22:64:find]---------> 
2014-04-23 1:54:36 - INFO  --> [ContextDaov22:133:find]id=0,contextlevel=,instanceid= 
2014-04-23 1:54:36 - INFO  --> [ContextDaov22:111:find]---------< 
2014-04-23 2:00:12 - INFO  --> registrar usuario de alumno 
2014-04-23 2:00:12 - INFO  --> registrarConRol--------> 
2014-04-23 2:00:12 - INFO  --> [UsuarioMoodleBo:19]v2.2 
2014-04-23 2:00:12 - INFO  --> [UserBov22:11:registrar]---------> 
2014-04-23 2:00:16 - INFO  --> [UserBov22:33:registrar]Creando contexto 
2014-04-23 2:00:17 - INFO  --> [ContextDaov22:64:find]---------> 
2014-04-23 2:00:17 - INFO  --> [ContextDaov22:133:find]id=283,contextlevel=30,instanceid=46 
2014-04-23 2:00:17 - INFO  --> [ContextDaov22:111:find]---------< 
2014-04-23 2:00:17 - INFO  --> [UserBov22:36:registrar]Creando rol 
2014-04-23 2:00:17 - INFO  --> Al alumno o maestro no se le debe asiganr el rol en contexto del sistema. 
2014-04-23 2:00:17 - INFO  --> [UserBov22:83:registrar]buscando id del curso 
2014-04-23 2:00:17 - INFO  --> [CourseDaov22:278:getByShortname]---------> 
2014-04-23 2:00:17 - INFO  --> [CourseDaov22:124:getByShortname]---------> 6 
2014-04-23 2:00:17 - INFO  --> [UserBov22:83:registrar]id del curso: 6 
2014-04-23 2:00:17 - INFO  --> [UserBov22:88:registrar]buscando el context del curso 
2014-04-23 2:00:17 - INFO  --> [ContextDaov22:64:find]---------> 
2014-04-23 2:00:17 - INFO  --> [ContextDaov22:133:find]id=152,contextlevel=50,instanceid=6 
2014-04-23 2:00:17 - INFO  --> [ContextDaov22:111:find]---------< 
2014-04-23 2:04:35 - INFO  --> registrar usuario de alumno 
2014-04-23 2:04:35 - INFO  --> registrarConRol--------> 
2014-04-23 2:04:35 - INFO  --> [UsuarioMoodleBo:19]v2.2 
2014-04-23 2:04:35 - INFO  --> [UserBov22:11:registrar]---------> 
2014-04-23 2:04:40 - INFO  --> [UserBov22:33:registrar]Creando contexto 
2014-04-23 2:04:40 - INFO  --> [ContextDaov22:64:find]---------> 
2014-04-23 2:04:40 - INFO  --> [ContextDaov22:133:find]id=284,contextlevel=30,instanceid=47 
2014-04-23 2:04:40 - INFO  --> [ContextDaov22:111:find]---------< 
2014-04-23 2:04:40 - INFO  --> [UserBov22:36:registrar]Creando rol 
2014-04-23 2:04:40 - INFO  --> Al alumno o maestro no se le debe asiganr el rol en contexto del sistema. 
2014-04-23 2:04:40 - INFO  --> [UserBov22:83:registrar]buscando id del curso 
2014-04-23 2:04:40 - INFO  --> [CourseDaov22:278:getByShortname]---------> 
2014-04-23 2:04:40 - INFO  --> [UserBov22:88:registrar]buscando el context del curso 
2014-04-23 2:04:40 - INFO  --> [ContextDaov22:64:find]---------> 
2014-04-23 2:04:40 - INFO  --> [ContextDaov22:133:find]id=152,contextlevel=50,instanceid=6 
2014-04-23 2:04:40 - INFO  --> [ContextDaov22:111:find]---------< 
2014-04-23 2:04:40 - INFO  --> [UserBov22:88:registrar]id context del curso: 152 
2014-04-23 2:08:27 - INFO  --> registrar usuario de alumno 
2014-04-23 2:08:27 - INFO  --> registrarConRol--------> 
2014-04-23 2:08:27 - INFO  --> [UsuarioMoodleBo:19]v2.2 
2014-04-23 2:08:27 - INFO  --> [UserBov22:11:registrar]---------> 
2014-04-23 2:08:31 - INFO  --> [UserBov22:33:registrar]Creando contexto 
2014-04-23 2:08:31 - INFO  --> [ContextDaov22:64:find]---------> 
2014-04-23 2:08:31 - INFO  --> [ContextDaov22:133:find]id=285,contextlevel=30,instanceid=48 
2014-04-23 2:08:31 - INFO  --> [ContextDaov22:111:find]---------< 
2014-04-23 2:08:31 - INFO  --> [UserBov22:36:registrar]Creando rol 
2014-04-23 2:08:31 - INFO  --> Al alumno o maestro no se le debe asiganr el rol en contexto del sistema. 
2014-04-23 2:08:31 - INFO  --> [UserBov22:83:registrar]buscando id del curso 
2014-04-23 2:08:31 - INFO  --> [CourseDaov22:278:getByShortname]---------> 
2014-04-23 2:08:31 - INFO  --> [UserBov22:88:registrar]buscando el context del curso 
2014-04-23 2:08:31 - INFO  --> [ContextDaov22:64:find]---------> 
2014-04-23 2:08:31 - INFO  --> [ContextDaov22:133:find]id=152,contextlevel=50,instanceid=6 
2014-04-23 2:08:31 - INFO  --> [ContextDaov22:111:find]---------< 
2014-04-23 2:08:31 - INFO  --> [EnrolDaov22:52:findByCourse]---------> 
2014-04-23 2:08:31 - INFO  --> [EnrolDaov22:78:findByCourse]SELECT id,enrol FROM mdl_enrol WHERE courseid=? 
2014-04-23 2:08:31 - INFO  --> [EnrolDaov22:72:findByCourse]numero de registros=3 
2014-04-23 2:08:31 - INFO  --> [EnrolDaov22:92:findByCourse]3 
2014-04-23 2:08:31 - INFO  --> [EnrolDaov22:111:findByCourse]---------< 
2014-04-23 2:08:31 - INFO  --> [UserBov22:94:registrar]buscando enrol del curso 
2014-04-23 2:08:31 - INFO  --> [UserBov22:97:registrar]inserta en user_enrolments 
2014-04-23 2:08:31 - INFO  --> [UserBov22:94:registrar]inserta en role_assignments 
2014-04-23 2:08:31 - INFO  --> [UserBov22:83:registrar]buscando id del curso 
2014-04-23 2:08:31 - INFO  --> [CourseDaov22:278:getByShortname]---------> 
2014-04-23 2:08:31 - INFO  --> [UserBov22:88:registrar]buscando el context del curso 
2014-04-23 2:08:31 - INFO  --> [ContextDaov22:64:find]---------> 
2014-04-23 2:08:31 - INFO  --> [ContextDaov22:133:find]id=40,contextlevel=50,instanceid=4 
2014-04-23 2:08:31 - INFO  --> [ContextDaov22:111:find]---------< 
2014-04-23 2:08:31 - INFO  --> [EnrolDaov22:52:findByCourse]---------> 
2014-04-23 2:08:31 - INFO  --> [EnrolDaov22:78:findByCourse]SELECT id,enrol FROM mdl_enrol WHERE courseid=? 
2014-04-23 2:08:31 - INFO  --> [EnrolDaov22:72:findByCourse]numero de registros=3 
2014-04-23 2:08:31 - INFO  --> [EnrolDaov22:92:findByCourse]3 
2014-04-23 2:08:31 - INFO  --> [EnrolDaov22:111:findByCourse]---------< 
2014-04-23 2:08:31 - INFO  --> [UserBov22:94:registrar]buscando enrol del curso 
2014-04-23 2:08:31 - INFO  --> [UserBov22:97:registrar]inserta en user_enrolments 
2014-04-23 2:16:01 - INFO  --> registrar usuario de alumno 
2014-04-23 2:16:01 - INFO  --> registrarConRol--------> 
2014-04-23 2:16:01 - INFO  --> [UsuarioMoodleBo:19]v2.2 
2014-04-23 2:16:01 - INFO  --> [UserBov22:11:registrar]---------> 
2014-04-23 2:16:05 - INFO  --> [UserBov22:33:registrar]Creando contexto 
2014-04-23 2:16:05 - INFO  --> [ContextDaov22:64:find]---------> 
2014-04-23 2:16:05 - INFO  --> [ContextDaov22:133:find]id=286,contextlevel=30,instanceid=49 
2014-04-23 2:16:05 - INFO  --> [ContextDaov22:111:find]---------< 
2014-04-23 2:16:05 - INFO  --> [UserBov22:36:registrar]Creando rol 
2014-04-23 2:16:05 - INFO  --> Al alumno o maestro no se le debe asiganr el rol en contexto del sistema. 
2014-04-23 2:16:05 - INFO  --> [UserBov22:83:registrar]buscando id del curso 
2014-04-23 2:16:05 - INFO  --> [CourseDaov22:278:getByShortname]---------> 
2014-04-23 2:16:05 - INFO  --> [UserBov22:88:registrar]buscando el context del curso 
2014-04-23 2:16:05 - INFO  --> [ContextDaov22:64:find]---------> 
2014-04-23 2:16:05 - INFO  --> [ContextDaov22:133:find]id=152,contextlevel=50,instanceid=6 
2014-04-23 2:16:05 - INFO  --> [ContextDaov22:111:find]---------< 
2014-04-23 2:16:05 - INFO  --> [EnrolDaov22:52:findByCourse]---------> 
2014-04-23 2:16:05 - INFO  --> [EnrolDaov22:92:findByCourse]3 
2014-04-23 2:16:05 - INFO  --> [EnrolDaov22:111:findByCourse]---------< 
2014-04-23 2:16:05 - INFO  --> [UserBov22:94:registrar]array enrol 3 
2014-04-23 2:16:05 - INFO  --> [UserBov22:94:registrar]buscando enrol del curso 
2014-04-23 2:16:05 - INFO  --> [UserBov22:83:registrar]buscando id del curso 
2014-04-23 2:16:05 - INFO  --> [CourseDaov22:278:getByShortname]---------> 
2014-04-23 2:16:05 - INFO  --> [UserBov22:88:registrar]buscando el context del curso 
2014-04-23 2:16:05 - INFO  --> [ContextDaov22:64:find]---------> 
2014-04-23 2:16:05 - INFO  --> [ContextDaov22:133:find]id=40,contextlevel=50,instanceid=4 
2014-04-23 2:16:05 - INFO  --> [ContextDaov22:111:find]---------< 
2014-04-23 2:16:05 - INFO  --> [EnrolDaov22:52:findByCourse]---------> 
2014-04-23 2:16:05 - INFO  --> [EnrolDaov22:92:findByCourse]3 
2014-04-23 2:16:05 - INFO  --> [EnrolDaov22:111:findByCourse]---------< 
2014-04-23 2:16:05 - INFO  --> [UserBov22:94:registrar]array enrol 3 
2014-04-23 2:16:05 - INFO  --> [UserBov22:94:registrar]buscando enrol del curso 
2014-04-23 2:16:05 - INFO  --> [UserBov22:83:registrar]buscando id del curso 
2014-04-23 2:16:05 - INFO  --> [CourseDaov22:278:getByShortname]---------> 
2014-04-23 2:16:05 - INFO  --> [UserBov22:88:registrar]buscando el context del curso 
2014-04-23 2:16:05 - INFO  --> [ContextDaov22:64:find]---------> 
2014-04-23 2:16:05 - INFO  --> [ContextDaov22:133:find]id=94,contextlevel=50,instanceid=5 
2014-04-23 2:16:05 - INFO  --> [ContextDaov22:111:find]---------< 
2014-04-23 2:16:05 - INFO  --> [EnrolDaov22:52:findByCourse]---------> 
2014-04-23 2:16:05 - INFO  --> [EnrolDaov22:92:findByCourse]3 
2014-04-23 2:16:05 - INFO  --> [EnrolDaov22:111:findByCourse]---------< 
2014-04-23 2:16:05 - INFO  --> [UserBov22:94:registrar]array enrol 3 
2014-04-23 2:16:05 - INFO  --> [UserBov22:94:registrar]buscando enrol del curso 
2014-04-23 2:16:05 - INFO  --> [UserBov22:79:registrar]---------< 
2014-04-23 2:16:05 - INFO  --> registrarConRol--------< 
2014-04-23 2:16:05 - INFO  --> Registro del usuario del alumno 
2014-04-23 2:26:40 - INFO  --> registrar usuario de alumno 
2014-04-23 2:26:40 - INFO  --> registrarConRol--------> 
2014-04-23 2:26:40 - INFO  --> [UsuarioMoodleBo:19]v2.2 
2014-04-23 2:26:40 - INFO  --> [UserBov22:11:registrar]---------> 
2014-04-23 2:26:44 - INFO  --> [UserBov22:33:registrar]Creando contexto 
2014-04-23 2:26:44 - INFO  --> [ContextDaov22:64:find]---------> 
2014-04-23 2:26:44 - INFO  --> [ContextDaov22:133:find]id=287,contextlevel=30,instanceid=50 
2014-04-23 2:26:44 - INFO  --> [ContextDaov22:111:find]---------< 
2014-04-23 2:26:44 - INFO  --> [UserBov22:36:registrar]Creando rol 
2014-04-23 2:26:44 - INFO  --> Al alumno o maestro no se le debe asiganr el rol en contexto del sistema. 
2014-04-23 2:26:44 - INFO  --> [UserBov22:83:registrar]buscando id del curso 
2014-04-23 2:26:44 - INFO  --> [CourseDaov22:278:getByShortname]---------> 
2014-04-23 2:26:44 - INFO  --> [UserBov22:88:registrar]buscando el context del curso 
2014-04-23 2:26:44 - INFO  --> [ContextDaov22:64:find]---------> 
2014-04-23 2:26:44 - INFO  --> [ContextDaov22:133:find]id=152,contextlevel=50,instanceid=6 
2014-04-23 2:26:44 - INFO  --> [ContextDaov22:111:find]---------< 
2014-04-23 2:26:44 - INFO  --> [EnrolDaov22:114:findByCourseEnrole]---------> 
2014-04-23 2:26:44 - INFO  --> [EnrolDaov22:151:findByCourseEnrole]0 
2014-04-23 2:26:44 - INFO  --> [EnrolDaov22:156:findByCourseEnrole]---------< 
2014-04-23 2:26:44 - INFO  --> [UserBov22:94:registrar]buscando enrol del curso 
2014-04-23 2:26:44 - INFO  --> [UserBov22:97:registrar]inserta en user_enrolments 
2014-04-23 2:29:12 - INFO  --> registrar usuario de alumno 
2014-04-23 2:29:12 - INFO  --> registrarConRol--------> 
2014-04-23 2:29:12 - INFO  --> [UsuarioMoodleBo:19]v2.2 
2014-04-23 2:29:12 - INFO  --> [UserBov22:11:registrar]---------> 
2014-04-23 2:29:16 - INFO  --> [UserBov22:33:registrar]Creando contexto 
2014-04-23 2:29:16 - INFO  --> [ContextDaov22:64:find]---------> 
2014-04-23 2:29:16 - INFO  --> [ContextDaov22:133:find]id=288,contextlevel=30,instanceid=51 
2014-04-23 2:29:16 - INFO  --> [ContextDaov22:111:find]---------< 
2014-04-23 2:29:16 - INFO  --> [UserBov22:36:registrar]Creando rol 
2014-04-23 2:29:16 - INFO  --> Al alumno o maestro no se le debe asiganr el rol en contexto del sistema. 
2014-04-23 2:29:16 - INFO  --> [UserBov22:83:registrar]buscando id del curso 
2014-04-23 2:29:16 - INFO  --> [CourseDaov22:278:getByShortname]---------> 
2014-04-23 2:29:16 - INFO  --> [UserBov22:88:registrar]buscando el context del curso 
2014-04-23 2:29:16 - INFO  --> [ContextDaov22:64:find]---------> 
2014-04-23 2:29:16 - INFO  --> [ContextDaov22:133:find]id=152,contextlevel=50,instanceid=6 
2014-04-23 2:29:16 - INFO  --> [ContextDaov22:111:find]---------< 
2014-04-23 2:29:16 - INFO  --> [EnrolDaov22:114:findByCourseEnrole]---------> 
2014-04-23 2:29:16 - INFO  --> [EnrolDaov22:156:findByCourseEnrole]---------< 
2014-04-23 2:29:16 - INFO  --> [UserBov22:94:registrar]buscando enrol del curso 
2014-04-23 2:29:16 - INFO  --> [UserBov22:97:registrar]inserta en user_enrolments 
2014-04-23 2:34:34 - INFO  --> registrar usuario de alumno 
2014-04-23 2:34:34 - INFO  --> registrarConRol--------> 
2014-04-23 2:34:34 - INFO  --> [UsuarioMoodleBo:19]v2.2 
2014-04-23 2:34:34 - INFO  --> [UserBov22:11:registrar]---------> 
2014-04-23 2:34:38 - INFO  --> [UserBov22:33:registrar]Creando contexto 
2014-04-23 2:34:38 - INFO  --> [ContextDaov22:64:find]---------> 
2014-04-23 2:34:38 - INFO  --> [ContextDaov22:133:find]id=289,contextlevel=30,instanceid=52 
2014-04-23 2:34:38 - INFO  --> [ContextDaov22:111:find]---------< 
2014-04-23 2:34:38 - INFO  --> [UserBov22:36:registrar]Creando rol 
2014-04-23 2:34:38 - INFO  --> Al alumno o maestro no se le debe asiganr el rol en contexto del sistema. 
2014-04-23 2:34:38 - INFO  --> [UserBov22:83:registrar]buscando id del curso 
2014-04-23 2:34:38 - INFO  --> [CourseDaov22:278:getByShortname]---------> 
2014-04-23 2:34:38 - INFO  --> [UserBov22:88:registrar]buscando el context del curso 
2014-04-23 2:34:38 - INFO  --> [ContextDaov22:64:find]---------> 
2014-04-23 2:34:38 - INFO  --> [ContextDaov22:133:find]id=152,contextlevel=50,instanceid=6 
2014-04-23 2:34:38 - INFO  --> [ContextDaov22:111:find]---------< 
2014-04-23 2:34:38 - INFO  --> [EnrolDaov22:114:findByCourseEnrole]---------> 
2014-04-23 2:34:38 - INFO  --> [EnrolDaov22:156:findByCourseEnrole]---------< 
2014-04-23 2:34:38 - INFO  --> [UserBov22:94:registrar]buscando enrol del curso 
2014-04-23 2:34:38 - INFO  --> [UserBov22:97:registrar]inserta en user_enrolments 
2014-04-23 2:36:41 - INFO  --> registrar usuario de alumno 
2014-04-23 2:36:41 - INFO  --> registrarConRol--------> 
2014-04-23 2:36:41 - INFO  --> [UsuarioMoodleBo:19]v2.2 
2014-04-23 2:36:41 - INFO  --> [UserBov22:11:registrar]---------> 
2014-04-23 2:36:46 - INFO  --> [UserBov22:33:registrar]Creando contexto 
2014-04-23 2:36:46 - INFO  --> [ContextDaov22:64:find]---------> 
2014-04-23 2:36:46 - INFO  --> [ContextDaov22:133:find]id=290,contextlevel=30,instanceid=53 
2014-04-23 2:36:46 - INFO  --> [ContextDaov22:111:find]---------< 
2014-04-23 2:36:46 - INFO  --> [UserBov22:36:registrar]Creando rol 
2014-04-23 2:36:46 - INFO  --> Al alumno o maestro no se le debe asiganr el rol en contexto del sistema. 
2014-04-23 2:36:46 - INFO  --> [UserBov22:83:registrar]buscando id del curso 
2014-04-23 2:36:46 - INFO  --> [CourseDaov22:278:getByShortname]---------> 
2014-04-23 2:36:46 - INFO  --> [UserBov22:88:registrar]buscando el context del curso 
2014-04-23 2:36:46 - INFO  --> [ContextDaov22:64:find]---------> 
2014-04-23 2:36:46 - INFO  --> [ContextDaov22:133:find]id=152,contextlevel=50,instanceid=6 
2014-04-23 2:36:46 - INFO  --> [ContextDaov22:111:find]---------< 
2014-04-23 2:36:46 - INFO  --> [EnrolDaov22:114:findByCourseEnrole]---------> 
2014-04-23 2:36:46 - INFO  --> [EnrolDaov22:156:findByCourseEnrole]---------< 
2014-04-23 2:36:46 - INFO  --> [UserBov22:94:registrar]buscando enrol del curso 
2014-04-23 2:36:46 - INFO  --> [UserBov22:97:registrar]inserta en user_enrolments 
2014-04-23 2:36:46 - INFO  --> [UserEnrollmentv22:7:save]---------> 
2014-04-23 2:36:46 - INFO  --> Error 1048: Column 'enrolid' cannot be null. 
2014-04-23 2:39:29 - INFO  --> registrar usuario de alumno 
2014-04-23 2:39:29 - INFO  --> registrarConRol--------> 
2014-04-23 2:39:29 - INFO  --> [UsuarioMoodleBo:19]v2.2 
2014-04-23 2:39:29 - INFO  --> [UserBov22:11:registrar]---------> 
2014-04-23 2:39:33 - INFO  --> [UserBov22:33:registrar]Creando contexto 
2014-04-23 2:39:33 - INFO  --> [ContextDaov22:64:find]---------> 
2014-04-23 2:39:33 - INFO  --> [ContextDaov22:133:find]id=291,contextlevel=30,instanceid=54 
2014-04-23 2:39:33 - INFO  --> [ContextDaov22:111:find]---------< 
2014-04-23 2:39:33 - INFO  --> [UserBov22:36:registrar]Creando rol 
2014-04-23 2:39:33 - INFO  --> Al alumno o maestro no se le debe asiganr el rol en contexto del sistema. 
2014-04-23 2:39:33 - INFO  --> [UserBov22:83:registrar]buscando id del curso 
2014-04-23 2:39:33 - INFO  --> [CourseDaov22:278:getByShortname]---------> 
2014-04-23 2:39:33 - INFO  --> [UserBov22:88:registrar]buscando el context del curso 
2014-04-23 2:39:33 - INFO  --> [ContextDaov22:64:find]---------> 
2014-04-23 2:39:33 - INFO  --> [ContextDaov22:133:find]id=152,contextlevel=50,instanceid=6 
2014-04-23 2:39:33 - INFO  --> [ContextDaov22:111:find]---------< 
2014-04-23 2:39:33 - INFO  --> [EnrolDaov22:114:findByCourseEnrole]---------> 
2014-04-23 2:39:33 - INFO  --> [EnrolDaov22:156:findByCourseEnrole]---------< 
2014-04-23 2:39:33 - INFO  --> [UserBov22:94:registrar]buscando enrol del curso  
2014-04-23 2:39:33 - INFO  --> [UserBov22:97:registrar]inserta en user_enrolments 
2014-04-23 2:39:33 - INFO  --> [UserEnrollmentv22:7:save]---------> 
2014-04-23 2:39:33 - INFO  --> Error 1048: Column 'enrolid' cannot be null. 
2014-04-23 2:43:26 - INFO  --> registrar usuario de alumno 
2014-04-23 2:43:26 - INFO  --> registrarConRol--------> 
2014-04-23 2:43:26 - INFO  --> [UsuarioMoodleBo:19]v2.2 
2014-04-23 2:43:26 - INFO  --> [UserBov22:11:registrar]---------> 
2014-04-23 2:43:30 - INFO  --> [UserBov22:33:registrar]Creando contexto 
2014-04-23 2:43:30 - INFO  --> [ContextDaov22:64:find]---------> 
2014-04-23 2:43:30 - INFO  --> [ContextDaov22:133:find]id=292,contextlevel=30,instanceid=55 
2014-04-23 2:43:30 - INFO  --> [ContextDaov22:111:find]---------< 
2014-04-23 2:43:30 - INFO  --> [UserBov22:36:registrar]Creando rol 
2014-04-23 2:43:30 - INFO  --> Al alumno o maestro no se le debe asiganr el rol en contexto del sistema. 
2014-04-23 2:43:30 - INFO  --> [UserBov22:83:registrar]buscando id del curso 
2014-04-23 2:43:30 - INFO  --> [CourseDaov22:278:getByShortname]---------> 
2014-04-23 2:43:30 - INFO  --> [UserBov22:88:registrar]buscando el context del curso 
2014-04-23 2:43:30 - INFO  --> [ContextDaov22:64:find]---------> 
2014-04-23 2:43:30 - INFO  --> [ContextDaov22:133:find]id=152,contextlevel=50,instanceid=6 
2014-04-23 2:43:30 - INFO  --> [ContextDaov22:111:find]---------< 
2014-04-23 2:43:30 - INFO  --> [EnrolDaov22:114:findByCourseEnrole]---------> 
2014-04-23 2:43:30 - INFO  --> [EnrolDaov22:156:findByCourseEnrole]--------- 0  
2014-04-23 2:43:30 - INFO  --> [EnrolDaov22:156:findByCourseEnrole]---------< 
2014-04-23 2:43:30 - INFO  --> [UserBov22:94:registrar]buscando enrol del curso  
2014-04-23 2:43:30 - INFO  --> [UserBov22:97:registrar]inserta en user_enrolments 
2014-04-23 2:43:30 - INFO  --> [UserEnrollmentv22:7:save]---------> 
2014-04-23 2:43:30 - INFO  --> Error 1048: Column 'enrolid' cannot be null. 
2014-04-23 2:46:48 - INFO  --> registrar usuario de alumno 
2014-04-23 2:46:48 - INFO  --> registrarConRol--------> 
2014-04-23 2:46:48 - INFO  --> [UsuarioMoodleBo:19]v2.2 
2014-04-23 2:46:48 - INFO  --> [UserBov22:11:registrar]---------> 
2014-04-23 2:46:52 - INFO  --> [UserBov22:33:registrar]Creando contexto 
2014-04-23 2:46:52 - INFO  --> [ContextDaov22:64:find]---------> 
2014-04-23 2:46:52 - INFO  --> [ContextDaov22:133:find]id=293,contextlevel=30,instanceid=56 
2014-04-23 2:46:52 - INFO  --> [ContextDaov22:111:find]---------< 
2014-04-23 2:46:52 - INFO  --> [UserBov22:36:registrar]Creando rol 
2014-04-23 2:46:52 - INFO  --> Al alumno o maestro no se le debe asiganr el rol en contexto del sistema. 
2014-04-23 2:46:52 - INFO  --> [UserBov22:83:registrar]buscando id del curso 
2014-04-23 2:46:52 - INFO  --> [CourseDaov22:278:getByShortname]---------> 
2014-04-23 2:46:52 - INFO  --> [UserBov22:88:registrar]buscando el context del curso 
2014-04-23 2:46:52 - INFO  --> [ContextDaov22:64:find]---------> 
2014-04-23 2:46:52 - INFO  --> [ContextDaov22:133:find]id=152,contextlevel=50,instanceid=6 
2014-04-23 2:46:52 - INFO  --> [ContextDaov22:111:find]---------< 
2014-04-23 2:46:52 - INFO  --> [EnrolDaov22:114:findByCourseEnrole]---------> 
2014-04-23 2:46:52 - INFO  --> [EnrolDaov22:156:findByCourseEnrole]--------- 0  
2014-04-23 2:46:52 - INFO  --> [EnrolDaov22:156:findByCourseEnrole]---------< 
2014-04-23 2:46:52 - INFO  --> [UserBov22:94:registrar] 6 manual 
2014-04-23 2:46:52 - INFO  --> [UserBov22:94:registrar]buscando enrol del curso  
2014-04-23 2:46:52 - INFO  --> [UserBov22:97:registrar]inserta en user_enrolments 
2014-04-23 2:46:52 - INFO  --> [UserEnrollmentv22:7:save]---------> 
2014-04-23 2:46:52 - INFO  --> Error 1048: Column 'enrolid' cannot be null. 
2014-04-23 2:55:51 - INFO  --> registrar usuario de alumno 
2014-04-23 2:55:51 - INFO  --> registrarConRol--------> 
2014-04-23 2:55:51 - INFO  --> [UsuarioMoodleBo:19]v2.2 
2014-04-23 2:55:51 - INFO  --> [UserBov22:11:registrar]---------> 
2014-04-23 2:55:56 - INFO  --> [UserBov22:33:registrar]Creando contexto 
2014-04-23 2:55:56 - INFO  --> [ContextDaov22:64:find]---------> 
2014-04-23 2:55:56 - INFO  --> [ContextDaov22:133:find]id=294,contextlevel=30,instanceid=57 
2014-04-23 2:55:56 - INFO  --> [ContextDaov22:111:find]---------< 
2014-04-23 2:55:56 - INFO  --> [UserBov22:36:registrar]Creando rol 
2014-04-23 2:55:56 - INFO  --> Al alumno o maestro no se le debe asiganr el rol en contexto del sistema. 
2014-04-23 2:55:56 - INFO  --> [UserBov22:83:registrar]buscando id del curso 
2014-04-23 2:55:56 - INFO  --> [CourseDaov22:278:getByShortname]---------> 
2014-04-23 2:55:56 - INFO  --> [UserBov22:88:registrar]buscando el context del curso 
2014-04-23 2:55:56 - INFO  --> [ContextDaov22:64:find]---------> 
2014-04-23 2:55:56 - INFO  --> [ContextDaov22:133:find]id=152,contextlevel=50,instanceid=6 
2014-04-23 2:55:56 - INFO  --> [ContextDaov22:111:find]---------< 
2014-04-23 2:55:56 - INFO  --> [EnrolDaov22:114:findByCourseEnrole]---------> 
2014-04-23 2:55:56 - INFO  --> [EnrolDaov22:156:findByCourseEnrole]--------- 0  
2014-04-23 2:55:56 - INFO  --> [EnrolDaov22:156:findByCourseEnrole]---------< 
2014-04-23 2:55:56 - INFO  --> [UserBov22:94:registrar] 6 manual 
2014-04-23 2:55:56 - INFO  --> [UserBov22:94:registrar]buscando enrol del curso  
2014-04-23 2:55:56 - INFO  --> [UserBov22:97:registrar]inserta en user_enrolments 
2014-04-23 2:55:56 - INFO  --> [UserEnrollmentv22:7:save]---------> 
2014-04-23 2:55:56 - INFO  --> Error 1048: Column 'enrolid' cannot be null. 
2014-04-23 3:00:06 - INFO  --> registrar usuario de alumno 
2014-04-23 3:00:06 - INFO  --> registrarConRol--------> 
2014-04-23 3:00:06 - INFO  --> [UsuarioMoodleBo:19]v2.2 
2014-04-23 3:00:06 - INFO  --> [UserBov22:11:registrar]---------> 
2014-04-23 3:00:11 - INFO  --> [UserBov22:33:registrar]Creando contexto 
2014-04-23 3:00:11 - INFO  --> [ContextDaov22:64:find]---------> 
2014-04-23 3:00:11 - INFO  --> [ContextDaov22:133:find]id=295,contextlevel=30,instanceid=58 
2014-04-23 3:00:11 - INFO  --> [ContextDaov22:111:find]---------< 
2014-04-23 3:00:11 - INFO  --> [UserBov22:36:registrar]Creando rol 
2014-04-23 3:00:11 - INFO  --> Al alumno o maestro no se le debe asiganr el rol en contexto del sistema. 
2014-04-23 3:00:11 - INFO  --> [UserBov22:83:registrar]buscando id del curso 
2014-04-23 3:00:11 - INFO  --> [CourseDaov22:278:getByShortname]---------> 
2014-04-23 3:00:11 - INFO  --> [UserBov22:88:registrar]buscando el context del curso 
2014-04-23 3:00:11 - INFO  --> [ContextDaov22:64:find]---------> 
2014-04-23 3:00:11 - INFO  --> [ContextDaov22:133:find]id=152,contextlevel=50,instanceid=6 
2014-04-23 3:00:11 - INFO  --> [ContextDaov22:111:find]---------< 
2014-04-23 3:00:11 - INFO  --> [EnrolDaov22:114:findByCourseEnrole]--------->6 manual 
2014-04-23 3:00:11 - INFO  --> [EnrolDaov22:156:findByCourseEnrole]--------- 0  
2014-04-23 3:00:11 - INFO  --> [EnrolDaov22:156:findByCourseEnrole]---------< 
2014-04-23 3:00:11 - INFO  --> [UserBov22:94:registrar] 6 manual 
2014-04-23 3:00:11 - INFO  --> [UserBov22:94:registrar]buscando enrol del curso  
2014-04-23 3:00:11 - INFO  --> [UserBov22:97:registrar]inserta en user_enrolments 
2014-04-23 3:00:11 - INFO  --> [UserEnrollmentv22:7:save]---------> 
2014-04-23 3:00:11 - INFO  --> Error 1048: Column 'enrolid' cannot be null. 
2014-04-23 3:07:39 - INFO  --> registrar usuario de alumno 
2014-04-23 3:07:39 - INFO  --> registrarConRol--------> 
2014-04-23 3:07:39 - INFO  --> [UsuarioMoodleBo:19]v2.2 
2014-04-23 3:07:39 - INFO  --> [UserBov22:11:registrar]---------> 
2014-04-23 3:07:43 - INFO  --> [UserBov22:33:registrar]Creando contexto 
2014-04-23 3:07:43 - INFO  --> [ContextDaov22:64:find]---------> 
2014-04-23 3:07:43 - INFO  --> [ContextDaov22:133:find]id=296,contextlevel=30,instanceid=59 
2014-04-23 3:07:43 - INFO  --> [ContextDaov22:111:find]---------< 
2014-04-23 3:07:43 - INFO  --> [UserBov22:36:registrar]Creando rol 
2014-04-23 3:07:43 - INFO  --> Al alumno o maestro no se le debe asiganr el rol en contexto del sistema. 
2014-04-23 3:07:43 - INFO  --> [UserBov22:83:registrar]buscando id del curso 
2014-04-23 3:07:43 - INFO  --> [CourseDaov22:278:getByShortname]---------> 
2014-04-23 3:07:43 - INFO  --> [UserBov22:88:registrar]buscando el context del curso 
2014-04-23 3:07:43 - INFO  --> [ContextDaov22:64:find]---------> 
2014-04-23 3:07:43 - INFO  --> [ContextDaov22:133:find]id=152,contextlevel=50,instanceid=6 
2014-04-23 3:07:43 - INFO  --> [ContextDaov22:111:find]---------< 
2014-04-23 3:07:43 - INFO  --> [EnrolDaov22:114:findByCourseEnrole]---------> 
2014-04-23 3:07:43 - INFO  --> [EnrolDaov22:156:findByCourseEnrole]--------- 0  
2014-04-23 3:07:43 - INFO  --> [EnrolDaov22:156:findByCourseEnrole]---------< 
2014-04-23 3:07:43 - INFO  --> [UserBov22:94:registrar] 6 manual 
2014-04-23 3:07:43 - INFO  --> [UserBov22:94:registrar]buscando enrol del curso  
2014-04-23 3:07:43 - INFO  --> [UserBov22:97:registrar]inserta en user_enrolments 
2014-04-23 3:07:43 - INFO  --> [UserEnrollmentv22:7:save]---------> 
2014-04-23 3:07:43 - INFO  --> Error 1048: Column 'enrolid' cannot be null. 
2014-04-23 3:11:49 - INFO  --> registrar usuario de alumno 
2014-04-23 3:11:49 - INFO  --> registrarConRol--------> 
2014-04-23 3:11:49 - INFO  --> [UsuarioMoodleBo:19]v2.2 
2014-04-23 3:11:49 - INFO  --> [UserBov22:11:registrar]---------> 
2014-04-23 3:11:54 - INFO  --> [UserBov22:33:registrar]Creando contexto 
2014-04-23 3:11:54 - INFO  --> [ContextDaov22:64:find]---------> 
2014-04-23 3:11:54 - INFO  --> [ContextDaov22:133:find]id=297,contextlevel=30,instanceid=60 
2014-04-23 3:11:54 - INFO  --> [ContextDaov22:111:find]---------< 
2014-04-23 3:11:54 - INFO  --> [UserBov22:36:registrar]Creando rol 
2014-04-23 3:11:54 - INFO  --> Al alumno o maestro no se le debe asiganr el rol en contexto del sistema. 
2014-04-23 3:11:54 - INFO  --> [UserBov22:83:registrar]buscando id del curso 
2014-04-23 3:11:54 - INFO  --> [CourseDaov22:278:getByShortname]---------> 
2014-04-23 3:11:54 - INFO  --> [UserBov22:88:registrar]buscando el context del curso 
2014-04-23 3:11:54 - INFO  --> [ContextDaov22:64:find]---------> 
2014-04-23 3:11:54 - INFO  --> [ContextDaov22:133:find]id=152,contextlevel=50,instanceid=6 
2014-04-23 3:11:54 - INFO  --> [ContextDaov22:111:find]---------< 
2014-04-23 3:11:54 - INFO  --> [UserBov22:94:registrar]buscando enrol del curso 
2014-04-23 3:11:54 - INFO  --> [EnrolDaov22:114:findByCourseEnrole]---------> 
2014-04-23 3:11:54 - INFO  --> [EnrolDaov22:156:findByCourseEnrole]--------- 1 10 
2014-04-23 3:11:54 - INFO  --> [EnrolDaov22:156:findByCourseEnrole]---------< 
2014-04-23 3:11:54 - INFO  --> [UserBov22:97:registrar]inserta en user_enrolments 
2014-04-23 3:11:54 - INFO  --> [UserEnrollmentv22:7:save]---------> 
2014-04-23 3:11:54 - INFO  --> [UserEnrollmentv22:35:save]---------< 
2014-04-23 3:11:54 - INFO  --> [UserBov22:94:registrar]inserta en role_assignments 
2014-04-23 3:11:54 - INFO  --> [UserBov22:83:registrar]buscando id del curso 
2014-04-23 3:11:54 - INFO  --> [CourseDaov22:278:getByShortname]---------> 
2014-04-23 3:11:54 - INFO  --> [UserBov22:88:registrar]buscando el context del curso 
2014-04-23 3:11:54 - INFO  --> [ContextDaov22:64:find]---------> 
2014-04-23 3:11:54 - INFO  --> [ContextDaov22:133:find]id=40,contextlevel=50,instanceid=4 
2014-04-23 3:11:54 - INFO  --> [ContextDaov22:111:find]---------< 
2014-04-23 3:11:54 - INFO  --> [UserBov22:94:registrar]buscando enrol del curso 
2014-04-23 3:11:54 - INFO  --> [EnrolDaov22:114:findByCourseEnrole]---------> 
2014-04-23 3:11:54 - INFO  --> [EnrolDaov22:156:findByCourseEnrole]--------- 1 4 
2014-04-23 3:11:54 - INFO  --> [EnrolDaov22:156:findByCourseEnrole]---------< 
2014-04-23 3:11:54 - INFO  --> [UserBov22:97:registrar]inserta en user_enrolments 
2014-04-23 3:11:54 - INFO  --> [UserEnrollmentv22:7:save]---------> 
2014-04-23 3:11:54 - INFO  --> [UserEnrollmentv22:35:save]---------< 
2014-04-23 3:11:54 - INFO  --> [UserBov22:94:registrar]inserta en role_assignments 
2014-04-23 3:11:54 - INFO  --> [UserBov22:83:registrar]buscando id del curso 
2014-04-23 3:11:54 - INFO  --> [CourseDaov22:278:getByShortname]---------> 
2014-04-23 3:11:54 - INFO  --> [UserBov22:88:registrar]buscando el context del curso 
2014-04-23 3:11:54 - INFO  --> [ContextDaov22:64:find]---------> 
2014-04-23 3:11:54 - INFO  --> [ContextDaov22:133:find]id=94,contextlevel=50,instanceid=5 
2014-04-23 3:11:54 - INFO  --> [ContextDaov22:111:find]---------< 
2014-04-23 3:11:54 - INFO  --> [UserBov22:94:registrar]buscando enrol del curso 
2014-04-23 3:11:54 - INFO  --> [EnrolDaov22:114:findByCourseEnrole]---------> 
2014-04-23 3:11:54 - INFO  --> [EnrolDaov22:156:findByCourseEnrole]--------- 1 7 
2014-04-23 3:11:54 - INFO  --> [EnrolDaov22:156:findByCourseEnrole]---------< 
2014-04-23 3:11:54 - INFO  --> [UserBov22:97:registrar]inserta en user_enrolments 
2014-04-23 3:11:54 - INFO  --> [UserEnrollmentv22:7:save]---------> 
2014-04-23 3:11:54 - INFO  --> [UserEnrollmentv22:35:save]---------< 
2014-04-23 3:11:54 - INFO  --> [UserBov22:94:registrar]inserta en role_assignments 
2014-04-23 3:11:54 - INFO  --> [UserBov22:79:registrar]---------< 
2014-04-23 3:11:54 - INFO  --> registrarConRol--------< 
2014-04-23 3:11:54 - INFO  --> Registro del usuario del alumno 
2014-04-23 20:54:34 - INFO  --> registrar usuario de alumno 
2014-04-23 20:54:34 - INFO  --> registrarConRol--------> 
2014-04-23 20:54:34 - INFO  --> [UsuarioMoodleBo:19]v2.2 
2014-04-23 20:54:34 - INFO  --> [UserBov22:11:registrar]---------> 
2014-04-23 20:54:38 - INFO  --> [UserBov22:33:registrar]Creando contexto 
2014-04-23 20:54:38 - INFO  --> [ContextDaov22:64:find]---------> 
2014-04-23 20:54:38 - INFO  --> [ContextDaov22:133:find]id=298,contextlevel=30,instanceid=61 
2014-04-23 20:54:38 - INFO  --> [ContextDaov22:111:find]---------< 
2014-04-23 20:54:38 - INFO  --> [UserBov22:36:registrar]Creando rol 
2014-04-23 20:54:38 - INFO  --> Al alumno o maestro no se le debe asiganr el rol en contexto del sistema. 
2014-04-23 20:54:38 - INFO  --> [UserBov22:83:registrar]buscando id del curso 
2014-04-23 20:54:38 - INFO  --> [CourseDaov22:278:getByShortname]---------> 
2014-04-23 20:54:38 - INFO  --> [UserBov22:88:registrar]buscando el context del curso 
2014-04-23 20:54:38 - INFO  --> [ContextDaov22:64:find]---------> 
2014-04-23 20:54:38 - INFO  --> [ContextDaov22:133:find]id=40,contextlevel=50,instanceid=4 
2014-04-23 20:54:38 - INFO  --> [ContextDaov22:111:find]---------< 
2014-04-23 20:54:38 - INFO  --> [UserBov22:94:registrar]buscando enrol del curso 
2014-04-23 20:54:38 - INFO  --> [EnrolDaov22:114:findByCourseEnrole]---------> 
2014-04-23 20:54:38 - INFO  --> [EnrolDaov22:156:findByCourseEnrole]--------- 1 4 
2014-04-23 20:54:38 - INFO  --> [EnrolDaov22:156:findByCourseEnrole]---------< 
2014-04-23 20:54:38 - INFO  --> [UserBov22:97:registrar]inserta en user_enrolments 
2014-04-23 20:54:38 - INFO  --> [UserEnrollmentv22:7:save]---------> 
2014-04-23 20:54:38 - INFO  --> [UserEnrollmentv22:35:save]---------< 
2014-04-23 20:54:38 - INFO  --> [UserBov22:94:registrar]inserta en role_assignments 
2014-04-23 20:54:38 - INFO  --> [UserBov22:83:registrar]buscando id del curso 
2014-04-23 20:54:38 - INFO  --> [CourseDaov22:278:getByShortname]---------> 
2014-04-23 20:54:38 - INFO  --> [UserBov22:88:registrar]buscando el context del curso 
2014-04-23 20:54:38 - INFO  --> [ContextDaov22:64:find]---------> 
2014-04-23 20:54:38 - INFO  --> [ContextDaov22:133:find]id=190,contextlevel=50,instanceid=7 
2014-04-23 20:54:38 - INFO  --> [ContextDaov22:111:find]---------< 
2014-04-23 20:54:38 - INFO  --> [UserBov22:94:registrar]buscando enrol del curso 
2014-04-23 20:54:38 - INFO  --> [EnrolDaov22:114:findByCourseEnrole]---------> 
2014-04-23 20:54:38 - INFO  --> [EnrolDaov22:156:findByCourseEnrole]--------- 1 13 
2014-04-23 20:54:38 - INFO  --> [EnrolDaov22:156:findByCourseEnrole]---------< 
2014-04-23 20:54:38 - INFO  --> [UserBov22:97:registrar]inserta en user_enrolments 
2014-04-23 20:54:38 - INFO  --> [UserEnrollmentv22:7:save]---------> 
2014-04-23 20:54:38 - INFO  --> [UserEnrollmentv22:35:save]---------< 
2014-04-23 20:54:38 - INFO  --> [UserBov22:94:registrar]inserta en role_assignments 
2014-04-23 20:54:38 - INFO  --> [UserBov22:79:registrar]---------< 
2014-04-23 20:54:38 - INFO  --> registrarConRol--------< 
2014-04-23 20:54:38 - INFO  --> Registro del usuario del alumno 
2014-04-24 0:25:39 - INFO  --> registrar usuario de alumno 
2014-04-24 0:25:39 - INFO  --> registrarConRol--------> 
2014-04-24 0:25:39 - INFO  --> [UsuarioMoodleBo:19]v2.2 
2014-04-24 0:25:39 - INFO  --> [UserBov22:11:registrar]---------> 
2014-04-24 0:25:43 - INFO  --> [UserBov22:33:registrar]Creando contexto 
2014-04-24 0:25:44 - INFO  --> [ContextDaov22:64:find]---------> 
2014-04-24 0:25:44 - INFO  --> [ContextDaov22:133:find]id=299,contextlevel=30,instanceid=62 
2014-04-24 0:25:44 - INFO  --> [ContextDaov22:111:find]---------< 
2014-04-24 0:25:44 - INFO  --> [UserBov22:36:registrar]Creando rol 
2014-04-24 0:25:44 - INFO  --> Al alumno o maestro no se le debe asiganr el rol en contexto del sistema. 
2014-04-24 0:25:44 - INFO  --> [UserBov22:83:registrar]buscando id del curso 
2014-04-24 0:25:44 - INFO  --> [CourseDaov22:278:getByShortname]---------> 
2014-04-24 0:25:44 - INFO  --> [UserBov22:88:registrar]buscando el context del curso 
2014-04-24 0:25:44 - INFO  --> [ContextDaov22:64:find]---------> 
2014-04-24 0:25:44 - INFO  --> [ContextDaov22:133:find]id=152,contextlevel=50,instanceid=6 
2014-04-24 0:25:44 - INFO  --> [ContextDaov22:111:find]---------< 
2014-04-24 0:25:44 - INFO  --> [UserBov22:94:registrar]buscando enrol del curso 
2014-04-24 0:25:44 - INFO  --> [EnrolDaov22:114:findByCourseEnrole]---------> 
2014-04-24 0:25:44 - INFO  --> [EnrolDaov22:156:findByCourseEnrole]--------- 1 10 
2014-04-24 0:25:44 - INFO  --> [EnrolDaov22:156:findByCourseEnrole]---------< 
2014-04-24 0:25:44 - INFO  --> [UserBov22:97:registrar]inserta en user_enrolments 
2014-04-24 0:25:44 - INFO  --> [UserEnrollmentv22:7:save]---------> 
2014-04-24 0:25:44 - INFO  --> [UserEnrollmentv22:35:save]---------< 
2014-04-24 0:25:44 - INFO  --> [UserBov22:94:registrar]inserta en role_assignments 
2014-04-24 0:25:44 - INFO  --> [UserBov22:83:registrar]buscando id del curso 
2014-04-24 0:25:44 - INFO  --> [CourseDaov22:278:getByShortname]---------> 
2014-04-24 0:25:44 - INFO  --> [UserBov22:88:registrar]buscando el context del curso 
2014-04-24 0:25:44 - INFO  --> [ContextDaov22:64:find]---------> 
2014-04-24 0:25:44 - INFO  --> [ContextDaov22:133:find]id=190,contextlevel=50,instanceid=7 
2014-04-24 0:25:44 - INFO  --> [ContextDaov22:111:find]---------< 
2014-04-24 0:25:44 - INFO  --> [UserBov22:94:registrar]buscando enrol del curso 
2014-04-24 0:25:44 - INFO  --> [EnrolDaov22:114:findByCourseEnrole]---------> 
2014-04-24 0:25:44 - INFO  --> [EnrolDaov22:156:findByCourseEnrole]--------- 1 13 
2014-04-24 0:25:44 - INFO  --> [EnrolDaov22:156:findByCourseEnrole]---------< 
2014-04-24 0:25:44 - INFO  --> [UserBov22:97:registrar]inserta en user_enrolments 
2014-04-24 0:25:44 - INFO  --> [UserEnrollmentv22:7:save]---------> 
2014-04-24 0:25:44 - INFO  --> [UserEnrollmentv22:35:save]---------< 
2014-04-24 0:25:44 - INFO  --> [UserBov22:94:registrar]inserta en role_assignments 
2014-04-24 0:25:44 - INFO  --> [UserBov22:83:registrar]buscando id del curso 
2014-04-24 0:25:44 - INFO  --> [CourseDaov22:278:getByShortname]---------> 
2014-04-24 0:25:44 - INFO  --> [UserBov22:88:registrar]buscando el context del curso 
2014-04-24 0:25:44 - INFO  --> [ContextDaov22:64:find]---------> 
2014-04-24 0:25:44 - INFO  --> [ContextDaov22:133:find]id=94,contextlevel=50,instanceid=5 
2014-04-24 0:25:44 - INFO  --> [ContextDaov22:111:find]---------< 
2014-04-24 0:25:44 - INFO  --> [UserBov22:94:registrar]buscando enrol del curso 
2014-04-24 0:25:44 - INFO  --> [EnrolDaov22:114:findByCourseEnrole]---------> 
2014-04-24 0:25:44 - INFO  --> [EnrolDaov22:156:findByCourseEnrole]--------- 1 7 
2014-04-24 0:25:44 - INFO  --> [EnrolDaov22:156:findByCourseEnrole]---------< 
2014-04-24 0:25:44 - INFO  --> [UserBov22:97:registrar]inserta en user_enrolments 
2014-04-24 0:25:44 - INFO  --> [UserEnrollmentv22:7:save]---------> 
2014-04-24 0:25:44 - INFO  --> [UserEnrollmentv22:35:save]---------< 
2014-04-24 0:25:44 - INFO  --> [UserBov22:94:registrar]inserta en role_assignments 
2014-04-24 0:25:44 - INFO  --> [UserBov22:79:registrar]---------< 
2014-04-24 0:25:44 - INFO  --> registrarConRol--------< 
2014-04-24 0:25:44 - INFO  --> Registro del usuario del alumno 
2014-04-24 19:57:53 - INFO  --> registrar usuario de alumno 
2014-04-24 19:57:53 - INFO  --> registrarConRol--------> 
2014-04-24 19:57:53 - INFO  --> [UsuarioMoodleBo:19]v2.2 
2014-04-24 19:57:53 - INFO  --> [UserBov22:11:registrar]---------> 
2014-04-24 19:57:57 - INFO  --> [UserBov22:33:registrar]Creando contexto 
2014-04-24 19:57:57 - INFO  --> [ContextDaov22:64:find]---------> 
2014-04-24 19:57:57 - INFO  --> [ContextDaov22:133:find]id=300,contextlevel=30,instanceid=63 
2014-04-24 19:57:57 - INFO  --> [ContextDaov22:111:find]---------< 
2014-04-24 19:57:57 - INFO  --> [UserBov22:36:registrar]Creando rol 
2014-04-24 19:57:57 - INFO  --> Al alumno o maestro no se le debe asiganr el rol en contexto del sistema. 
2014-04-24 19:57:57 - INFO  --> [UserBov22:83:registrar]buscando id del curso 
2014-04-24 19:57:57 - INFO  --> [CourseDaov22:278:getByShortname]---------> 
2014-04-24 19:57:57 - INFO  --> [UserBov22:88:registrar]buscando el context del curso 
2014-04-24 19:57:57 - INFO  --> [ContextDaov22:64:find]---------> 
2014-04-24 19:57:57 - INFO  --> [ContextDaov22:133:find]id=40,contextlevel=50,instanceid=4 
2014-04-24 19:57:57 - INFO  --> [ContextDaov22:111:find]---------< 
2014-04-24 19:57:57 - INFO  --> [UserBov22:94:registrar]buscando enrol del curso 
2014-04-24 19:57:57 - INFO  --> [EnrolDaov22:114:findByCourseEnrole]---------> 
2014-04-24 19:57:57 - INFO  --> [EnrolDaov22:156:findByCourseEnrole]--------- 1 4 
2014-04-24 19:57:57 - INFO  --> [EnrolDaov22:156:findByCourseEnrole]---------< 
2014-04-24 19:57:57 - INFO  --> [UserBov22:97:registrar]inserta en user_enrolments 
2014-04-24 19:57:57 - INFO  --> [UserEnrollmentv22:7:save]---------> 
2014-04-24 19:57:58 - INFO  --> [UserEnrollmentv22:35:save]---------< 
2014-04-24 19:57:58 - INFO  --> [UserBov22:94:registrar]inserta en role_assignments 
2014-04-24 19:57:58 - INFO  --> [UserBov22:83:registrar]buscando id del curso 
2014-04-24 19:57:58 - INFO  --> [CourseDaov22:278:getByShortname]---------> 
2014-04-24 19:57:58 - INFO  --> [UserBov22:88:registrar]buscando el context del curso 
2014-04-24 19:57:58 - INFO  --> [ContextDaov22:64:find]---------> 
2014-04-24 19:57:58 - INFO  --> [ContextDaov22:133:find]id=230,contextlevel=50,instanceid=8 
2014-04-24 19:57:58 - INFO  --> [ContextDaov22:111:find]---------< 
2014-04-24 19:57:58 - INFO  --> [UserBov22:94:registrar]buscando enrol del curso 
2014-04-24 19:57:58 - INFO  --> [EnrolDaov22:114:findByCourseEnrole]---------> 
2014-04-24 19:57:58 - INFO  --> [EnrolDaov22:156:findByCourseEnrole]--------- 1 16 
2014-04-24 19:57:58 - INFO  --> [EnrolDaov22:156:findByCourseEnrole]---------< 
2014-04-24 19:57:58 - INFO  --> [UserBov22:97:registrar]inserta en user_enrolments 
2014-04-24 19:57:58 - INFO  --> [UserEnrollmentv22:7:save]---------> 
2014-04-24 19:57:58 - INFO  --> [UserEnrollmentv22:35:save]---------< 
2014-04-24 19:57:58 - INFO  --> [UserBov22:94:registrar]inserta en role_assignments 
2014-04-24 19:57:58 - INFO  --> [UserBov22:79:registrar]---------< 
2014-04-24 19:57:58 - INFO  --> registrarConRol--------< 
2014-04-24 19:57:58 - INFO  --> Registro del usuario del alumno 
2014-04-25 1:06:13 - INFO  --> registrar usuario de alumno 
2014-04-25 1:06:13 - INFO  --> registrarConRol--------> 
2014-04-25 1:06:13 - INFO  --> [UsuarioMoodleBo:19]v2.2 
2014-04-25 1:06:13 - INFO  --> [UserBov22:11:registrar]---------> 
2014-04-25 1:06:17 - INFO  --> [UserBov22:33:registrar]Creando contexto 
2014-04-25 1:06:17 - INFO  --> [ContextDaov22:64:find]---------> 
2014-04-25 1:06:17 - INFO  --> [ContextDaov22:133:find]id=301,contextlevel=30,instanceid=64 
2014-04-25 1:06:17 - INFO  --> [ContextDaov22:111:find]---------< 
2014-04-25 1:06:17 - INFO  --> [UserBov22:36:registrar]Creando rol 
2014-04-25 1:06:17 - INFO  --> Al alumno o maestro no se le debe asiganr el rol en contexto del sistema. 
2014-04-25 1:06:17 - INFO  --> [UserBov22:83:registrar]buscando id del curso 
2014-04-25 1:06:17 - INFO  --> [CourseDaov22:278:getByShortname]---------> 
2014-04-25 1:06:17 - INFO  --> [UserBov22:88:registrar]buscando el context del curso 
2014-04-25 1:06:17 - INFO  --> [ContextDaov22:64:find]---------> 
2014-04-25 1:06:17 - INFO  --> [ContextDaov22:133:find]id=40,contextlevel=50,instanceid=4 
2014-04-25 1:06:17 - INFO  --> [ContextDaov22:111:find]---------< 
2014-04-25 1:06:17 - INFO  --> [UserBov22:94:registrar]buscando enrol del curso 
2014-04-25 1:06:17 - INFO  --> [EnrolDaov22:114:findByCourseEnrole]---------> 
2014-04-25 1:06:17 - INFO  --> [EnrolDaov22:156:findByCourseEnrole]--------- 1 4 
2014-04-25 1:06:17 - INFO  --> [EnrolDaov22:156:findByCourseEnrole]---------< 
2014-04-25 1:06:17 - INFO  --> [UserBov22:97:registrar]inserta en user_enrolments 
2014-04-25 1:06:17 - INFO  --> [UserEnrollmentv22:7:save]---------> 
2014-04-25 1:06:17 - INFO  --> [UserEnrollmentv22:35:save]---------< 
2014-04-25 1:06:17 - INFO  --> [UserBov22:94:registrar]inserta en role_assignments 
2014-04-25 1:06:17 - INFO  --> [UserBov22:83:registrar]buscando id del curso 
2014-04-25 1:06:17 - INFO  --> [CourseDaov22:278:getByShortname]---------> 
2014-04-25 1:06:17 - INFO  --> [UserBov22:88:registrar]buscando el context del curso 
2014-04-25 1:06:17 - INFO  --> [ContextDaov22:64:find]---------> 
2014-04-25 1:06:17 - INFO  --> [ContextDaov22:133:find]id=94,contextlevel=50,instanceid=5 
2014-04-25 1:06:17 - INFO  --> [ContextDaov22:111:find]---------< 
2014-04-25 1:06:17 - INFO  --> [UserBov22:94:registrar]buscando enrol del curso 
2014-04-25 1:06:17 - INFO  --> [EnrolDaov22:114:findByCourseEnrole]---------> 
2014-04-25 1:06:17 - INFO  --> [EnrolDaov22:156:findByCourseEnrole]--------- 1 7 
2014-04-25 1:06:17 - INFO  --> [EnrolDaov22:156:findByCourseEnrole]---------< 
2014-04-25 1:06:17 - INFO  --> [UserBov22:97:registrar]inserta en user_enrolments 
2014-04-25 1:06:17 - INFO  --> [UserEnrollmentv22:7:save]---------> 
2014-04-25 1:06:17 - INFO  --> [UserEnrollmentv22:35:save]---------< 
2014-04-25 1:06:17 - INFO  --> [UserBov22:94:registrar]inserta en role_assignments 
2014-04-25 1:06:17 - INFO  --> [UserBov22:79:registrar]---------< 
2014-04-25 1:06:17 - INFO  --> registrarConRol--------< 
2014-04-25 1:06:17 - INFO  --> Registro del usuario del alumno 
